{"C:\\Users\\gbade\\Documents\\MKD\\internship_node\\day17\\app.js": {"path":"C:\\Users\\gbade\\Documents\\MKD\\internship_node\\day17\\app.js","statementMap":{"0":{"start":{"line":1,"column":18},"end":{"line":1,"column":40}},"1":{"start":{"line":2,"column":14},"end":{"line":2,"column":32}},"2":{"start":{"line":3,"column":11},"end":{"line":3,"column":26}},"3":{"start":{"line":4,"column":19},"end":{"line":4,"column":43}},"4":{"start":{"line":5,"column":13},"end":{"line":5,"column":30}},"5":{"start":{"line":7,"column":20},"end":{"line":7,"column":45}},"6":{"start":{"line":8,"column":20},"end":{"line":8,"column":45}},"7":{"start":{"line":9,"column":23},"end":{"line":9,"column":51}},"8":{"start":{"line":10,"column":24},"end":{"line":10,"column":53}},"9":{"start":{"line":12,"column":18},"end":{"line":12,"column":47}},"10":{"start":{"line":13,"column":20},"end":{"line":13,"column":40}},"11":{"start":{"line":14,"column":11},"end":{"line":14,"column":30}},"12":{"start":{"line":15,"column":13},"end":{"line":15,"column":28}},"13":{"start":{"line":17,"column":10},"end":{"line":17,"column":19}},"14":{"start":{"line":18,"column":0},"end":{"line":18,"column":18}},"15":{"start":{"line":20,"column":0},"end":{"line":20,"column":48}},"16":{"start":{"line":21,"column":0},"end":{"line":21,"column":30}},"17":{"start":{"line":22,"column":0},"end":{"line":22,"column":16}},"18":{"start":{"line":23,"column":0},"end":{"line":23,"column":23}},"19":{"start":{"line":24,"column":0},"end":{"line":24,"column":24}},"20":{"start":{"line":25,"column":0},"end":{"line":25,"column":49}},"21":{"start":{"line":26,"column":0},"end":{"line":26,"column":24}},"22":{"start":{"line":27,"column":0},"end":{"line":27,"column":56}},"23":{"start":{"line":29,"column":0},"end":{"line":29,"column":26}},"24":{"start":{"line":30,"column":0},"end":{"line":30,"column":31}},"25":{"start":{"line":31,"column":0},"end":{"line":31,"column":37}},"26":{"start":{"line":32,"column":0},"end":{"line":32,"column":39}},"27":{"start":{"line":35,"column":0},"end":{"line":35,"column":68}},"28":{"start":{"line":38,"column":0},"end":{"line":40,"column":3}},"29":{"start":{"line":39,"column":2},"end":{"line":39,"column":25}},"30":{"start":{"line":43,"column":0},"end":{"line":51,"column":3}},"31":{"start":{"line":45,"column":2},"end":{"line":45,"column":35}},"32":{"start":{"line":46,"column":2},"end":{"line":46,"column":69}},"33":{"start":{"line":49,"column":2},"end":{"line":49,"column":32}},"34":{"start":{"line":50,"column":2},"end":{"line":50,"column":22}},"35":{"start":{"line":53,"column":0},"end":{"line":53,"column":21}}},"fnMap":{"0":{"name":"(anonymous_0)","decl":{"start":{"line":38,"column":8},"end":{"line":38,"column":9}},"loc":{"start":{"line":38,"column":34},"end":{"line":40,"column":1}},"line":38},"1":{"name":"(anonymous_1)","decl":{"start":{"line":43,"column":8},"end":{"line":43,"column":9}},"loc":{"start":{"line":43,"column":39},"end":{"line":51,"column":1}},"line":43}},"branchMap":{"0":{"loc":{"start":{"line":46,"column":21},"end":{"line":46,"column":68}},"type":"cond-expr","locations":[{"start":{"line":46,"column":60},"end":{"line":46,"column":63}},{"start":{"line":46,"column":66},"end":{"line":46,"column":68}}],"line":46},"1":{"loc":{"start":{"line":49,"column":13},"end":{"line":49,"column":30}},"type":"binary-expr","locations":[{"start":{"line":49,"column":13},"end":{"line":49,"column":23}},{"start":{"line":49,"column":27},"end":{"line":49,"column":30}}],"line":49}},"s":{"0":2,"1":2,"2":2,"3":2,"4":2,"5":2,"6":2,"7":2,"8":2,"9":2,"10":2,"11":2,"12":2,"13":2,"14":2,"15":2,"16":2,"17":2,"18":2,"19":2,"20":2,"21":2,"22":2,"23":2,"24":2,"25":2,"26":2,"27":2,"28":2,"29":0,"30":2,"31":0,"32":0,"33":0,"34":0,"35":2},"f":{"0":0,"1":0},"b":{"0":[0,0],"1":[0,0]},"_coverageSchema":"1a1c01bbd47fc00a2c39e90264f33305004495a9","hash":"c3c4d9b36ef2df8b699c6efd6706b8e8d2a65be0"}
,"C:\\Users\\gbade\\Documents\\MKD\\internship_node\\day17\\swagger.js": {"path":"C:\\Users\\gbade\\Documents\\MKD\\internship_node\\day17\\swagger.js","statementMap":{"0":{"start":{"line":1,"column":21},"end":{"line":1,"column":45}},"1":{"start":{"line":3,"column":16},"end":{"line":94,"column":1}},"2":{"start":{"line":96,"column":0},"end":{"line":96,"column":39}}},"fnMap":{},"branchMap":{},"s":{"0":2,"1":2,"2":2},"f":{},"b":{},"_coverageSchema":"1a1c01bbd47fc00a2c39e90264f33305004495a9","hash":"a4393c4c7aa3a583a8517e0dd966b4354a84ba95"}
,"C:\\Users\\gbade\\Documents\\MKD\\internship_node\\day17\\config\\database.js": {"path":"C:\\Users\\gbade\\Documents\\MKD\\internship_node\\day17\\config\\database.js","statementMap":{"0":{"start":{"line":1,"column":0},"end":{"line":1,"column":27}},"1":{"start":{"line":3,"column":0},"end":{"line":32,"column":2}}},"fnMap":{},"branchMap":{"0":{"loc":{"start":{"line":5,"column":14},"end":{"line":5,"column":47}},"type":"binary-expr","locations":[{"start":{"line":5,"column":14},"end":{"line":5,"column":37}},{"start":{"line":5,"column":41},"end":{"line":5,"column":47}}],"line":5},"1":{"loc":{"start":{"line":6,"column":14},"end":{"line":6,"column":43}},"type":"binary-expr","locations":[{"start":{"line":6,"column":14},"end":{"line":6,"column":37}},{"start":{"line":6,"column":41},"end":{"line":6,"column":43}}],"line":6},"2":{"loc":{"start":{"line":7,"column":14},"end":{"line":7,"column":60}},"type":"binary-expr","locations":[{"start":{"line":7,"column":14},"end":{"line":7,"column":33}},{"start":{"line":7,"column":37},"end":{"line":7,"column":60}}],"line":7},"3":{"loc":{"start":{"line":8,"column":10},"end":{"line":8,"column":44}},"type":"binary-expr","locations":[{"start":{"line":8,"column":10},"end":{"line":8,"column":29}},{"start":{"line":8,"column":33},"end":{"line":8,"column":44}}],"line":8},"4":{"loc":{"start":{"line":12,"column":14},"end":{"line":12,"column":47}},"type":"binary-expr","locations":[{"start":{"line":12,"column":14},"end":{"line":12,"column":37}},{"start":{"line":12,"column":41},"end":{"line":12,"column":47}}],"line":12},"5":{"loc":{"start":{"line":13,"column":14},"end":{"line":13,"column":43}},"type":"binary-expr","locations":[{"start":{"line":13,"column":14},"end":{"line":13,"column":37}},{"start":{"line":13,"column":41},"end":{"line":13,"column":43}}],"line":13},"6":{"loc":{"start":{"line":14,"column":14},"end":{"line":14,"column":45}},"type":"binary-expr","locations":[{"start":{"line":14,"column":14},"end":{"line":14,"column":33}},{"start":{"line":14,"column":37},"end":{"line":14,"column":45}}],"line":14},"7":{"loc":{"start":{"line":15,"column":10},"end":{"line":15,"column":44}},"type":"binary-expr","locations":[{"start":{"line":15,"column":10},"end":{"line":15,"column":29}},{"start":{"line":15,"column":33},"end":{"line":15,"column":44}}],"line":15}},"s":{"0":3,"1":3},"f":{},"b":{"0":[3,0],"1":[3,0],"2":[3,0],"3":[3,0],"4":[3,0],"5":[3,0],"6":[3,0],"7":[3,0]},"_coverageSchema":"1a1c01bbd47fc00a2c39e90264f33305004495a9","hash":"a5d72a8ee042d65943c9d833db4b9979fa26f9a0"}
,"C:\\Users\\gbade\\Documents\\MKD\\internship_node\\day17\\middleware\\errorHandler.js": {"path":"C:\\Users\\gbade\\Documents\\MKD\\internship_node\\day17\\middleware\\errorHandler.js","statementMap":{"0":{"start":{"line":1,"column":0},"end":{"line":26,"column":2}},"1":{"start":{"line":2,"column":2},"end":{"line":2,"column":33}},"2":{"start":{"line":4,"column":2},"end":{"line":13,"column":3}},"3":{"start":{"line":5,"column":4},"end":{"line":12,"column":7}},"4":{"start":{"line":8,"column":39},"end":{"line":11,"column":7}},"5":{"start":{"line":15,"column":2},"end":{"line":20,"column":3}},"6":{"start":{"line":16,"column":4},"end":{"line":19,"column":7}},"7":{"start":{"line":22,"column":2},"end":{"line":25,"column":5}}},"fnMap":{"0":{"name":"(anonymous_0)","decl":{"start":{"line":1,"column":23},"end":{"line":1,"column":24}},"loc":{"start":{"line":1,"column":44},"end":{"line":26,"column":1}},"line":1},"1":{"name":"(anonymous_1)","decl":{"start":{"line":8,"column":31},"end":{"line":8,"column":32}},"loc":{"start":{"line":8,"column":39},"end":{"line":11,"column":7}},"line":8}},"branchMap":{"0":{"loc":{"start":{"line":4,"column":2},"end":{"line":13,"column":3}},"type":"if","locations":[{"start":{"line":4,"column":2},"end":{"line":13,"column":3}},{"start":{},"end":{}}],"line":4},"1":{"loc":{"start":{"line":15,"column":2},"end":{"line":20,"column":3}},"type":"if","locations":[{"start":{"line":15,"column":2},"end":{"line":20,"column":3}},{"start":{},"end":{}}],"line":15}},"s":{"0":2,"1":0,"2":0,"3":0,"4":0,"5":0,"6":0,"7":0},"f":{"0":0,"1":0},"b":{"0":[0,0],"1":[0,0]},"_coverageSchema":"1a1c01bbd47fc00a2c39e90264f33305004495a9","hash":"09b1cb3ff559d80c990175b4deeb15895993db03"}
,"C:\\Users\\gbade\\Documents\\MKD\\internship_node\\day17\\models\\appointment.js": {"path":"C:\\Users\\gbade\\Documents\\MKD\\internship_node\\day17\\models\\appointment.js","statementMap":{"0":{"start":{"line":1,"column":0},"end":{"line":38,"column":2}},"1":{"start":{"line":2,"column":22},"end":{"line":35,"column":4}},"2":{"start":{"line":37,"column":2},"end":{"line":37,"column":21}}},"fnMap":{"0":{"name":"(anonymous_0)","decl":{"start":{"line":1,"column":17},"end":{"line":1,"column":18}},"loc":{"start":{"line":1,"column":43},"end":{"line":38,"column":1}},"line":1}},"branchMap":{},"s":{"0":3,"1":3,"2":3},"f":{"0":3},"b":{},"_coverageSchema":"1a1c01bbd47fc00a2c39e90264f33305004495a9","hash":"6931cc27a16cb41f329d5f2024719162dac03afc"}
,"C:\\Users\\gbade\\Documents\\MKD\\internship_node\\day17\\models\\booking.js": {"path":"C:\\Users\\gbade\\Documents\\MKD\\internship_node\\day17\\models\\booking.js","statementMap":{"0":{"start":{"line":2,"column":0},"end":{"line":83,"column":2}},"1":{"start":{"line":12,"column":18},"end":{"line":73,"column":4}},"2":{"start":{"line":75,"column":2},"end":{"line":80,"column":4}},"3":{"start":{"line":76,"column":4},"end":{"line":79,"column":7}},"4":{"start":{"line":82,"column":2},"end":{"line":82,"column":17}}},"fnMap":{"0":{"name":"(anonymous_0)","decl":{"start":{"line":2,"column":17},"end":{"line":2,"column":18}},"loc":{"start":{"line":2,"column":43},"end":{"line":83,"column":1}},"line":2},"1":{"name":"(anonymous_1)","decl":{"start":{"line":75,"column":22},"end":{"line":75,"column":23}},"loc":{"start":{"line":75,"column":34},"end":{"line":80,"column":3}},"line":75}},"branchMap":{},"s":{"0":3,"1":3,"2":3,"3":3,"4":3},"f":{"0":3,"1":3},"b":{},"_coverageSchema":"1a1c01bbd47fc00a2c39e90264f33305004495a9","hash":"7f6b16868140af1fce846235549561e05b59a46e"}
,"C:\\Users\\gbade\\Documents\\MKD\\internship_node\\day17\\models\\index.js": {"path":"C:\\Users\\gbade\\Documents\\MKD\\internship_node\\day17\\models\\index.js","statementMap":{"0":{"start":{"line":11,"column":11},"end":{"line":11,"column":24}},"1":{"start":{"line":12,"column":13},"end":{"line":12,"column":28}},"2":{"start":{"line":13,"column":16},"end":{"line":13,"column":36}},"3":{"start":{"line":14,"column":17},"end":{"line":14,"column":42}},"4":{"start":{"line":15,"column":22},"end":{"line":15,"column":42}},"5":{"start":{"line":16,"column":0},"end":{"line":16,"column":27}},"6":{"start":{"line":17,"column":12},"end":{"line":17,"column":49}},"7":{"start":{"line":18,"column":15},"end":{"line":18,"column":52}},"8":{"start":{"line":20,"column":9},"end":{"line":20,"column":11}},"9":{"start":{"line":22,"column":16},"end":{"line":45,"column":2}},"10":{"start":{"line":49,"column":0},"end":{"line":59,"column":5}},"11":{"start":{"line":51,"column":4},"end":{"line":51,"column":84}},"12":{"start":{"line":54,"column":18},"end":{"line":54,"column":53}},"13":{"start":{"line":55,"column":4},"end":{"line":58,"column":5}},"14":{"start":{"line":56,"column":29},"end":{"line":56,"column":56}},"15":{"start":{"line":57,"column":6},"end":{"line":57,"column":47}},"16":{"start":{"line":61,"column":0},"end":{"line":65,"column":3}},"17":{"start":{"line":62,"column":2},"end":{"line":64,"column":3}},"18":{"start":{"line":63,"column":4},"end":{"line":63,"column":32}},"19":{"start":{"line":67,"column":0},"end":{"line":67,"column":25}},"20":{"start":{"line":68,"column":0},"end":{"line":68,"column":25}},"21":{"start":{"line":70,"column":0},"end":{"line":70,"column":20}}},"fnMap":{"0":{"name":"(anonymous_0)","decl":{"start":{"line":50,"column":10},"end":{"line":50,"column":11}},"loc":{"start":{"line":50,"column":20},"end":{"line":52,"column":3}},"line":50},"1":{"name":"(anonymous_1)","decl":{"start":{"line":53,"column":11},"end":{"line":53,"column":12}},"loc":{"start":{"line":53,"column":21},"end":{"line":59,"column":3}},"line":53},"2":{"name":"(anonymous_2)","decl":{"start":{"line":61,"column":24},"end":{"line":61,"column":25}},"loc":{"start":{"line":61,"column":39},"end":{"line":65,"column":1}},"line":61}},"branchMap":{"0":{"loc":{"start":{"line":17,"column":12},"end":{"line":17,"column":49}},"type":"binary-expr","locations":[{"start":{"line":17,"column":12},"end":{"line":17,"column":32}},{"start":{"line":17,"column":36},"end":{"line":17,"column":49}}],"line":17},"1":{"loc":{"start":{"line":51,"column":11},"end":{"line":51,"column":83}},"type":"binary-expr","locations":[{"start":{"line":51,"column":11},"end":{"line":51,"column":34}},{"start":{"line":51,"column":38},"end":{"line":51,"column":55}},{"start":{"line":51,"column":59},"end":{"line":51,"column":83}}],"line":51},"2":{"loc":{"start":{"line":55,"column":4},"end":{"line":58,"column":5}},"type":"if","locations":[{"start":{"line":55,"column":4},"end":{"line":58,"column":5}},{"start":{},"end":{}}],"line":55},"3":{"loc":{"start":{"line":62,"column":2},"end":{"line":64,"column":3}},"type":"if","locations":[{"start":{"line":62,"column":2},"end":{"line":64,"column":3}},{"start":{},"end":{}}],"line":62}},"s":{"0":3,"1":3,"2":3,"3":3,"4":3,"5":3,"6":3,"7":3,"8":3,"9":3,"10":3,"11":15,"12":12,"13":12,"14":12,"15":12,"16":3,"17":12,"18":6,"19":3,"20":3,"21":3},"f":{"0":15,"1":12,"2":12},"b":{"0":[3,0],"1":[15,15,12],"2":[12,0],"3":[6,6]},"_coverageSchema":"1a1c01bbd47fc00a2c39e90264f33305004495a9","hash":"604d4add13fec3059f7b569f96355dc45a921f04"}
,"C:\\Users\\gbade\\Documents\\MKD\\internship_node\\day17\\models\\location.js": {"path":"C:\\Users\\gbade\\Documents\\MKD\\internship_node\\day17\\models\\location.js","statementMap":{"0":{"start":{"line":1,"column":0},"end":{"line":26,"column":2}},"1":{"start":{"line":2,"column":19},"end":{"line":23,"column":3}},"2":{"start":{"line":25,"column":2},"end":{"line":25,"column":18}}},"fnMap":{"0":{"name":"(anonymous_0)","decl":{"start":{"line":1,"column":17},"end":{"line":1,"column":18}},"loc":{"start":{"line":1,"column":43},"end":{"line":26,"column":1}},"line":1}},"branchMap":{},"s":{"0":3,"1":3,"2":3},"f":{"0":3},"b":{},"_coverageSchema":"1a1c01bbd47fc00a2c39e90264f33305004495a9","hash":"69b94e6a5ade137cb26d8cc3ef2ebf22b6ae28e6"}
,"C:\\Users\\gbade\\Documents\\MKD\\internship_node\\day17\\models\\schedule.js": {"path":"C:\\Users\\gbade\\Documents\\MKD\\internship_node\\day17\\models\\schedule.js","statementMap":{"0":{"start":{"line":2,"column":0},"end":{"line":76,"column":2}},"1":{"start":{"line":10,"column":19},"end":{"line":66,"column":4}},"2":{"start":{"line":22,"column":10},"end":{"line":24,"column":11}},"3":{"start":{"line":23,"column":12},"end":{"line":23,"column":67}},"4":{"start":{"line":68,"column":2},"end":{"line":73,"column":4}},"5":{"start":{"line":69,"column":4},"end":{"line":72,"column":7}},"6":{"start":{"line":75,"column":2},"end":{"line":75,"column":18}}},"fnMap":{"0":{"name":"(anonymous_0)","decl":{"start":{"line":2,"column":17},"end":{"line":2,"column":18}},"loc":{"start":{"line":2,"column":43},"end":{"line":76,"column":1}},"line":2},"1":{"name":"(anonymous_1)","decl":{"start":{"line":21,"column":8},"end":{"line":21,"column":9}},"loc":{"start":{"line":21,"column":28},"end":{"line":25,"column":9}},"line":21},"2":{"name":"(anonymous_2)","decl":{"start":{"line":68,"column":23},"end":{"line":68,"column":24}},"loc":{"start":{"line":68,"column":35},"end":{"line":73,"column":3}},"line":68}},"branchMap":{"0":{"loc":{"start":{"line":22,"column":10},"end":{"line":24,"column":11}},"type":"if","locations":[{"start":{"line":22,"column":10},"end":{"line":24,"column":11}},{"start":{},"end":{}}],"line":22}},"s":{"0":3,"1":3,"2":0,"3":0,"4":3,"5":3,"6":3},"f":{"0":3,"1":0,"2":3},"b":{"0":[0,0]},"_coverageSchema":"1a1c01bbd47fc00a2c39e90264f33305004495a9","hash":"038f511a932d183228f8c636e8d4e576c6531058"}
,"C:\\Users\\gbade\\Documents\\MKD\\internship_node\\day17\\routes\\bookings.js": {"path":"C:\\Users\\gbade\\Documents\\MKD\\internship_node\\day17\\routes\\bookings.js","statementMap":{"0":{"start":{"line":1,"column":16},"end":{"line":1,"column":34}},"1":{"start":{"line":2,"column":15},"end":{"line":2,"column":31}},"2":{"start":{"line":3,"column":15},"end":{"line":3,"column":41}},"3":{"start":{"line":4,"column":11},"end":{"line":4,"column":31}},"4":{"start":{"line":5,"column":55},"end":{"line":5,"column":95}},"5":{"start":{"line":6,"column":25},"end":{"line":6,"column":62}},"6":{"start":{"line":7,"column":15},"end":{"line":7,"column":41}},"7":{"start":{"line":10,"column":26},"end":{"line":22,"column":2}},"8":{"start":{"line":48,"column":0},"end":{"line":65,"column":3}},"9":{"start":{"line":49,"column":2},"end":{"line":64,"column":3}},"10":{"start":{"line":50,"column":21},"end":{"line":55,"column":6}},"11":{"start":{"line":57,"column":4},"end":{"line":60,"column":7}},"12":{"start":{"line":62,"column":4},"end":{"line":62,"column":52}},"13":{"start":{"line":63,"column":4},"end":{"line":63,"column":34}},"14":{"start":{"line":112,"column":0},"end":{"line":163,"column":3}},"15":{"start":{"line":113,"column":22},"end":{"line":113,"column":54}},"16":{"start":{"line":115,"column":2},"end":{"line":162,"column":3}},"17":{"start":{"line":118,"column":67},"end":{"line":118,"column":75}},"18":{"start":{"line":121,"column":21},"end":{"line":127,"column":6}},"19":{"start":{"line":129,"column":4},"end":{"line":135,"column":5}},"20":{"start":{"line":130,"column":6},"end":{"line":130,"column":35}},"21":{"start":{"line":131,"column":6},"end":{"line":134,"column":9}},"22":{"start":{"line":138,"column":20},"end":{"line":146,"column":23}},"23":{"start":{"line":149,"column":4},"end":{"line":149,"column":67}},"24":{"start":{"line":151,"column":4},"end":{"line":151,"column":31}},"25":{"start":{"line":153,"column":4},"end":{"line":156,"column":7}},"26":{"start":{"line":159,"column":4},"end":{"line":159,"column":33}},"27":{"start":{"line":160,"column":4},"end":{"line":160,"column":51}},"28":{"start":{"line":161,"column":4},"end":{"line":161,"column":34}},"29":{"start":{"line":166,"column":0},"end":{"line":190,"column":3}},"30":{"start":{"line":167,"column":2},"end":{"line":189,"column":3}},"31":{"start":{"line":168,"column":20},"end":{"line":173,"column":6}},"32":{"start":{"line":175,"column":4},"end":{"line":180,"column":5}},"33":{"start":{"line":176,"column":6},"end":{"line":179,"column":9}},"34":{"start":{"line":182,"column":4},"end":{"line":185,"column":7}},"35":{"start":{"line":187,"column":4},"end":{"line":187,"column":51}},"36":{"start":{"line":188,"column":4},"end":{"line":188,"column":34}},"37":{"start":{"line":193,"column":0},"end":{"line":228,"column":3}},"38":{"start":{"line":194,"column":22},"end":{"line":194,"column":54}},"39":{"start":{"line":196,"column":2},"end":{"line":227,"column":3}},"40":{"start":{"line":197,"column":23},"end":{"line":197,"column":31}},"41":{"start":{"line":198,"column":20},"end":{"line":198,"column":77}},"42":{"start":{"line":200,"column":4},"end":{"line":206,"column":5}},"43":{"start":{"line":201,"column":6},"end":{"line":201,"column":35}},"44":{"start":{"line":202,"column":6},"end":{"line":205,"column":9}},"45":{"start":{"line":208,"column":4},"end":{"line":208,"column":54}},"46":{"start":{"line":210,"column":4},"end":{"line":215,"column":5}},"47":{"start":{"line":211,"column":6},"end":{"line":214,"column":8}},"48":{"start":{"line":217,"column":4},"end":{"line":217,"column":31}},"49":{"start":{"line":219,"column":4},"end":{"line":222,"column":7}},"50":{"start":{"line":224,"column":4},"end":{"line":224,"column":33}},"51":{"start":{"line":225,"column":4},"end":{"line":225,"column":58}},"52":{"start":{"line":226,"column":4},"end":{"line":226,"column":34}},"53":{"start":{"line":230,"column":0},"end":{"line":230,"column":24}}},"fnMap":{"0":{"name":"(anonymous_0)","decl":{"start":{"line":48,"column":16},"end":{"line":48,"column":17}},"loc":{"start":{"line":48,"column":36},"end":{"line":65,"column":1}},"line":48},"1":{"name":"(anonymous_1)","decl":{"start":{"line":112,"column":65},"end":{"line":112,"column":66}},"loc":{"start":{"line":112,"column":85},"end":{"line":163,"column":1}},"line":112},"2":{"name":"(anonymous_2)","decl":{"start":{"line":166,"column":19},"end":{"line":166,"column":20}},"loc":{"start":{"line":166,"column":39},"end":{"line":190,"column":1}},"line":166},"3":{"name":"(anonymous_3)","decl":{"start":{"line":193,"column":28},"end":{"line":193,"column":29}},"loc":{"start":{"line":193,"column":48},"end":{"line":228,"column":1}},"line":193}},"branchMap":{"0":{"loc":{"start":{"line":129,"column":4},"end":{"line":135,"column":5}},"type":"if","locations":[{"start":{"line":129,"column":4},"end":{"line":135,"column":5}},{"start":{},"end":{}}],"line":129},"1":{"loc":{"start":{"line":175,"column":4},"end":{"line":180,"column":5}},"type":"if","locations":[{"start":{"line":175,"column":4},"end":{"line":180,"column":5}},{"start":{},"end":{}}],"line":175},"2":{"loc":{"start":{"line":200,"column":4},"end":{"line":206,"column":5}},"type":"if","locations":[{"start":{"line":200,"column":4},"end":{"line":206,"column":5}},{"start":{},"end":{}}],"line":200},"3":{"loc":{"start":{"line":210,"column":4},"end":{"line":215,"column":5}},"type":"if","locations":[{"start":{"line":210,"column":4},"end":{"line":215,"column":5}},{"start":{},"end":{}}],"line":210}},"s":{"0":2,"1":2,"2":2,"3":2,"4":2,"5":2,"6":2,"7":2,"8":2,"9":0,"10":0,"11":0,"12":0,"13":0,"14":2,"15":0,"16":0,"17":0,"18":0,"19":0,"20":0,"21":0,"22":0,"23":0,"24":0,"25":0,"26":0,"27":0,"28":0,"29":2,"30":0,"31":0,"32":0,"33":0,"34":0,"35":0,"36":0,"37":2,"38":0,"39":0,"40":0,"41":0,"42":0,"43":0,"44":0,"45":0,"46":0,"47":0,"48":0,"49":0,"50":0,"51":0,"52":0,"53":2},"f":{"0":0,"1":0,"2":0,"3":0},"b":{"0":[0,0],"1":[0,0],"2":[0,0],"3":[0,0]},"_coverageSchema":"1a1c01bbd47fc00a2c39e90264f33305004495a9","hash":"ca1862db20fa5283959c8eaeba430617659cf9a9"}
,"C:\\Users\\gbade\\Documents\\MKD\\internship_node\\day17\\routes\\index.js": {"path":"C:\\Users\\gbade\\Documents\\MKD\\internship_node\\day17\\routes\\index.js","statementMap":{"0":{"start":{"line":1,"column":16},"end":{"line":1,"column":34}},"1":{"start":{"line":2,"column":15},"end":{"line":2,"column":31}},"2":{"start":{"line":3,"column":15},"end":{"line":3,"column":41}},"3":{"start":{"line":6,"column":0},"end":{"line":30,"column":3}},"4":{"start":{"line":7,"column":20},"end":{"line":27,"column":3}},"5":{"start":{"line":29,"column":2},"end":{"line":29,"column":37}},"6":{"start":{"line":33,"column":0},"end":{"line":56,"column":3}},"7":{"start":{"line":35,"column":15},"end":{"line":35,"column":17}},"8":{"start":{"line":36,"column":2},"end":{"line":42,"column":3}},"9":{"start":{"line":36,"column":15},"end":{"line":36,"column":16}},"10":{"start":{"line":37,"column":17},"end":{"line":37,"column":40}},"11":{"start":{"line":38,"column":4},"end":{"line":41,"column":7}},"12":{"start":{"line":45,"column":20},"end":{"line":45,"column":22}},"13":{"start":{"line":46,"column":20},"end":{"line":46,"column":21}},"14":{"start":{"line":47,"column":18},"end":{"line":47,"column":20}},"15":{"start":{"line":48,"column":2},"end":{"line":53,"column":3}},"16":{"start":{"line":48,"column":18},"end":{"line":48,"column":27}},"17":{"start":{"line":49,"column":4},"end":{"line":52,"column":7}},"18":{"start":{"line":55,"column":2},"end":{"line":55,"column":46}},"19":{"start":{"line":59,"column":0},"end":{"line":62,"column":3}},"20":{"start":{"line":60,"column":23},"end":{"line":60,"column":37}},"21":{"start":{"line":61,"column":2},"end":{"line":61,"column":39}},"22":{"start":{"line":65,"column":0},"end":{"line":71,"column":3}},"23":{"start":{"line":67,"column":19},"end":{"line":67,"column":27}},"24":{"start":{"line":70,"column":2},"end":{"line":70,"column":32}},"25":{"start":{"line":74,"column":0},"end":{"line":76,"column":3}},"26":{"start":{"line":75,"column":2},"end":{"line":75,"column":29}},"27":{"start":{"line":78,"column":0},"end":{"line":78,"column":24}}},"fnMap":{"0":{"name":"(anonymous_0)","decl":{"start":{"line":6,"column":16},"end":{"line":6,"column":17}},"loc":{"start":{"line":6,"column":41},"end":{"line":30,"column":1}},"line":6},"1":{"name":"(anonymous_1)","decl":{"start":{"line":33,"column":24},"end":{"line":33,"column":25}},"loc":{"start":{"line":33,"column":49},"end":{"line":56,"column":1}},"line":33},"2":{"name":"(anonymous_2)","decl":{"start":{"line":59,"column":20},"end":{"line":59,"column":21}},"loc":{"start":{"line":59,"column":45},"end":{"line":62,"column":1}},"line":59},"3":{"name":"(anonymous_3)","decl":{"start":{"line":65,"column":23},"end":{"line":65,"column":24}},"loc":{"start":{"line":65,"column":48},"end":{"line":71,"column":1}},"line":65},"4":{"name":"(anonymous_4)","decl":{"start":{"line":74,"column":28},"end":{"line":74,"column":29}},"loc":{"start":{"line":74,"column":53},"end":{"line":76,"column":1}},"line":74}},"branchMap":{},"s":{"0":2,"1":2,"2":2,"3":2,"4":0,"5":0,"6":2,"7":0,"8":0,"9":0,"10":0,"11":0,"12":0,"13":0,"14":0,"15":0,"16":0,"17":0,"18":0,"19":2,"20":0,"21":0,"22":2,"23":0,"24":0,"25":2,"26":0,"27":2},"f":{"0":0,"1":0,"2":0,"3":0,"4":0},"b":{},"_coverageSchema":"1a1c01bbd47fc00a2c39e90264f33305004495a9","hash":"402702c8bdff315ec964b644758fb5ec177d4577"}
,"C:\\Users\\gbade\\Documents\\MKD\\internship_node\\day17\\routes\\schedules.js": {"path":"C:\\Users\\gbade\\Documents\\MKD\\internship_node\\day17\\routes\\schedules.js","statementMap":{"0":{"start":{"line":1,"column":16},"end":{"line":1,"column":34}},"1":{"start":{"line":2,"column":15},"end":{"line":2,"column":31}},"2":{"start":{"line":3,"column":15},"end":{"line":3,"column":41}},"3":{"start":{"line":4,"column":11},"end":{"line":4,"column":31}},"4":{"start":{"line":5,"column":55},"end":{"line":5,"column":95}},"5":{"start":{"line":6,"column":25},"end":{"line":6,"column":62}},"6":{"start":{"line":7,"column":15},"end":{"line":7,"column":41}},"7":{"start":{"line":10,"column":27},"end":{"line":20,"column":2}},"8":{"start":{"line":23,"column":0},"end":{"line":49,"column":3}},"9":{"start":{"line":24,"column":2},"end":{"line":48,"column":3}},"10":{"start":{"line":25,"column":25},"end":{"line":25,"column":34}},"11":{"start":{"line":26,"column":18},"end":{"line":26,"column":41}},"12":{"start":{"line":28,"column":22},"end":{"line":39,"column":6}},"13":{"start":{"line":41,"column":4},"end":{"line":44,"column":7}},"14":{"start":{"line":46,"column":4},"end":{"line":46,"column":53}},"15":{"start":{"line":47,"column":4},"end":{"line":47,"column":34}},"16":{"start":{"line":52,"column":0},"end":{"line":87,"column":3}},"17":{"start":{"line":53,"column":22},"end":{"line":53,"column":54}},"18":{"start":{"line":55,"column":2},"end":{"line":86,"column":3}},"19":{"start":{"line":56,"column":51},"end":{"line":56,"column":59}},"20":{"start":{"line":59,"column":25},"end":{"line":59,"column":37}},"21":{"start":{"line":60,"column":4},"end":{"line":66,"column":5}},"22":{"start":{"line":61,"column":6},"end":{"line":61,"column":35}},"23":{"start":{"line":62,"column":6},"end":{"line":65,"column":9}},"24":{"start":{"line":68,"column":21},"end":{"line":74,"column":23}},"25":{"start":{"line":76,"column":4},"end":{"line":76,"column":31}},"26":{"start":{"line":78,"column":4},"end":{"line":81,"column":7}},"27":{"start":{"line":83,"column":4},"end":{"line":83,"column":33}},"28":{"start":{"line":84,"column":4},"end":{"line":84,"column":52}},"29":{"start":{"line":85,"column":4},"end":{"line":85,"column":34}},"30":{"start":{"line":90,"column":0},"end":{"line":109,"column":3}},"31":{"start":{"line":91,"column":2},"end":{"line":108,"column":3}},"32":{"start":{"line":92,"column":21},"end":{"line":92,"column":62}},"33":{"start":{"line":94,"column":4},"end":{"line":99,"column":5}},"34":{"start":{"line":95,"column":6},"end":{"line":98,"column":9}},"35":{"start":{"line":101,"column":4},"end":{"line":104,"column":7}},"36":{"start":{"line":106,"column":4},"end":{"line":106,"column":52}},"37":{"start":{"line":107,"column":4},"end":{"line":107,"column":34}},"38":{"start":{"line":112,"column":0},"end":{"line":139,"column":3}},"39":{"start":{"line":113,"column":22},"end":{"line":113,"column":54}},"40":{"start":{"line":115,"column":2},"end":{"line":138,"column":3}},"41":{"start":{"line":116,"column":28},"end":{"line":116,"column":36}},"42":{"start":{"line":117,"column":21},"end":{"line":117,"column":79}},"43":{"start":{"line":119,"column":4},"end":{"line":125,"column":5}},"44":{"start":{"line":120,"column":6},"end":{"line":120,"column":35}},"45":{"start":{"line":121,"column":6},"end":{"line":124,"column":9}},"46":{"start":{"line":127,"column":4},"end":{"line":127,"column":60}},"47":{"start":{"line":128,"column":4},"end":{"line":128,"column":31}},"48":{"start":{"line":130,"column":4},"end":{"line":133,"column":7}},"49":{"start":{"line":135,"column":4},"end":{"line":135,"column":33}},"50":{"start":{"line":136,"column":4},"end":{"line":136,"column":65}},"51":{"start":{"line":137,"column":4},"end":{"line":137,"column":34}},"52":{"start":{"line":141,"column":0},"end":{"line":141,"column":24}}},"fnMap":{"0":{"name":"(anonymous_0)","decl":{"start":{"line":23,"column":16},"end":{"line":23,"column":17}},"loc":{"start":{"line":23,"column":36},"end":{"line":49,"column":1}},"line":23},"1":{"name":"(anonymous_1)","decl":{"start":{"line":52,"column":66},"end":{"line":52,"column":67}},"loc":{"start":{"line":52,"column":86},"end":{"line":87,"column":1}},"line":52},"2":{"name":"(anonymous_2)","decl":{"start":{"line":90,"column":19},"end":{"line":90,"column":20}},"loc":{"start":{"line":90,"column":39},"end":{"line":109,"column":1}},"line":90},"3":{"name":"(anonymous_3)","decl":{"start":{"line":112,"column":34},"end":{"line":112,"column":35}},"loc":{"start":{"line":112,"column":54},"end":{"line":139,"column":1}},"line":112}},"branchMap":{"0":{"loc":{"start":{"line":60,"column":4},"end":{"line":66,"column":5}},"type":"if","locations":[{"start":{"line":60,"column":4},"end":{"line":66,"column":5}},{"start":{},"end":{}}],"line":60},"1":{"loc":{"start":{"line":94,"column":4},"end":{"line":99,"column":5}},"type":"if","locations":[{"start":{"line":94,"column":4},"end":{"line":99,"column":5}},{"start":{},"end":{}}],"line":94},"2":{"loc":{"start":{"line":119,"column":4},"end":{"line":125,"column":5}},"type":"if","locations":[{"start":{"line":119,"column":4},"end":{"line":125,"column":5}},{"start":{},"end":{}}],"line":119}},"s":{"0":2,"1":2,"2":2,"3":2,"4":2,"5":2,"6":2,"7":2,"8":2,"9":0,"10":0,"11":0,"12":0,"13":0,"14":0,"15":0,"16":2,"17":0,"18":0,"19":0,"20":0,"21":0,"22":0,"23":0,"24":0,"25":0,"26":0,"27":0,"28":0,"29":0,"30":2,"31":0,"32":0,"33":0,"34":0,"35":0,"36":0,"37":0,"38":2,"39":0,"40":0,"41":0,"42":0,"43":0,"44":0,"45":0,"46":0,"47":0,"48":0,"49":0,"50":0,"51":0,"52":2},"f":{"0":0,"1":0,"2":0,"3":0},"b":{"0":[0,0],"1":[0,0],"2":[0,0]},"_coverageSchema":"1a1c01bbd47fc00a2c39e90264f33305004495a9","hash":"254add3ca7524acb8d466416b38fa2e008b5f18b"}
,"C:\\Users\\gbade\\Documents\\MKD\\internship_node\\day17\\routes\\users.js": {"path":"C:\\Users\\gbade\\Documents\\MKD\\internship_node\\day17\\routes\\users.js","statementMap":{"0":{"start":{"line":1,"column":14},"end":{"line":1,"column":32}},"1":{"start":{"line":2,"column":13},"end":{"line":2,"column":29}},"2":{"start":{"line":5,"column":0},"end":{"line":7,"column":3}},"3":{"start":{"line":6,"column":2},"end":{"line":6,"column":38}},"4":{"start":{"line":9,"column":0},"end":{"line":9,"column":24}}},"fnMap":{"0":{"name":"(anonymous_0)","decl":{"start":{"line":5,"column":16},"end":{"line":5,"column":17}},"loc":{"start":{"line":5,"column":41},"end":{"line":7,"column":1}},"line":5}},"branchMap":{},"s":{"0":2,"1":2,"2":2,"3":0,"4":2},"f":{"0":0},"b":{},"_coverageSchema":"1a1c01bbd47fc00a2c39e90264f33305004495a9","hash":"0e12335733c1e7728d7313084d3b0ca98ca4f301"}
,"C:\\Users\\gbade\\Documents\\MKD\\internship_node\\day17\\services\\ValidationService.js": {"path":"C:\\Users\\gbade\\Documents\\MKD\\internship_node\\day17\\services\\ValidationService.js","statementMap":{"0":{"start":{"line":1,"column":41},"end":{"line":1,"column":72}},"1":{"start":{"line":4,"column":30},"end":{"line":17,"column":1}},"2":{"start":{"line":5,"column":20},"end":{"line":15,"column":10}},"3":{"start":{"line":6,"column":28},"end":{"line":9,"column":5}},"4":{"start":{"line":11,"column":6},"end":{"line":13,"column":7}},"5":{"start":{"line":12,"column":8},"end":{"line":12,"column":63}},"6":{"start":{"line":14,"column":6},"end":{"line":14,"column":25}},"7":{"start":{"line":16,"column":2},"end":{"line":16,"column":19}},"8":{"start":{"line":19,"column":0},"end":{"line":85,"column":2}},"9":{"start":{"line":26,"column":66},"end":{"line":44,"column":3}},"10":{"start":{"line":31,"column":23},"end":{"line":31,"column":64}},"11":{"start":{"line":32,"column":4},"end":{"line":32,"column":39}},"12":{"start":{"line":34,"column":4},"end":{"line":43,"column":5}},"13":{"start":{"line":35,"column":22},"end":{"line":35,"column":46}},"14":{"start":{"line":36,"column":6},"end":{"line":38,"column":7}},"15":{"start":{"line":37,"column":8},"end":{"line":37,"column":71}},"16":{"start":{"line":39,"column":6},"end":{"line":39,"column":20}},"17":{"start":{"line":41,"column":6},"end":{"line":41,"column":42}},"18":{"start":{"line":42,"column":6},"end":{"line":42,"column":20}},"19":{"start":{"line":54,"column":28},"end":{"line":54,"column":47}},"20":{"start":{"line":56,"column":4},"end":{"line":68,"column":5}},"21":{"start":{"line":58,"column":6},"end":{"line":60,"column":9}},"22":{"start":{"line":59,"column":8},"end":{"line":59,"column":47}},"23":{"start":{"line":62,"column":6},"end":{"line":66,"column":7}},"24":{"start":{"line":63,"column":8},"end":{"line":63,"column":42}},"25":{"start":{"line":65,"column":8},"end":{"line":65,"column":56}},"26":{"start":{"line":67,"column":6},"end":{"line":67,"column":45}},"27":{"start":{"line":72,"column":28},"end":{"line":72,"column":47}},"28":{"start":{"line":74,"column":4},"end":{"line":82,"column":5}},"29":{"start":{"line":76,"column":6},"end":{"line":80,"column":7}},"30":{"start":{"line":77,"column":8},"end":{"line":77,"column":32}},"31":{"start":{"line":79,"column":8},"end":{"line":79,"column":36}},"32":{"start":{"line":81,"column":6},"end":{"line":81,"column":61}},"33":{"start":{"line":83,"column":4},"end":{"line":83,"column":11}}},"fnMap":{"0":{"name":"(anonymous_0)","decl":{"start":{"line":4,"column":30},"end":{"line":4,"column":31}},"loc":{"start":{"line":4,"column":41},"end":{"line":17,"column":1}},"line":4},"1":{"name":"(anonymous_1)","decl":{"start":{"line":6,"column":9},"end":{"line":6,"column":10}},"loc":{"start":{"line":6,"column":28},"end":{"line":9,"column":5}},"line":6},"2":{"name":"(anonymous_2)","decl":{"start":{"line":10,"column":12},"end":{"line":10,"column":13}},"loc":{"start":{"line":10,"column":43},"end":{"line":15,"column":5}},"line":10},"3":{"name":"(anonymous_3)","decl":{"start":{"line":26,"column":17},"end":{"line":26,"column":18}},"loc":{"start":{"line":26,"column":66},"end":{"line":44,"column":3}},"line":26},"4":{"name":"(anonymous_4)","decl":{"start":{"line":26,"column":66},"end":{"line":26,"column":67}},"loc":{"start":{"line":30,"column":7},"end":{"line":44,"column":3}},"line":30},"5":{"name":"(anonymous_5)","decl":{"start":{"line":46,"column":33},"end":{"line":46,"column":34}},"loc":{"start":{"line":53,"column":7},"end":{"line":69,"column":3}},"line":53},"6":{"name":"(anonymous_6)","decl":{"start":{"line":58,"column":43},"end":{"line":58,"column":44}},"loc":{"start":{"line":58,"column":61},"end":{"line":60,"column":7}},"line":58},"7":{"name":"(anonymous_7)","decl":{"start":{"line":71,"column":31},"end":{"line":71,"column":32}},"loc":{"start":{"line":71,"column":51},"end":{"line":84,"column":3}},"line":71}},"branchMap":{"0":{"loc":{"start":{"line":11,"column":6},"end":{"line":13,"column":7}},"type":"if","locations":[{"start":{"line":11,"column":6},"end":{"line":13,"column":7}},{"start":{},"end":{}}],"line":11},"1":{"loc":{"start":{"line":26,"column":18},"end":{"line":26,"column":39}},"type":"default-arg","locations":[{"start":{"line":26,"column":37},"end":{"line":26,"column":39}}],"line":26},"2":{"loc":{"start":{"line":26,"column":41},"end":{"line":26,"column":61}},"type":"default-arg","locations":[{"start":{"line":26,"column":59},"end":{"line":26,"column":61}}],"line":26},"3":{"loc":{"start":{"line":36,"column":6},"end":{"line":38,"column":7}},"type":"if","locations":[{"start":{"line":36,"column":6},"end":{"line":38,"column":7}},{"start":{},"end":{}}],"line":36},"4":{"loc":{"start":{"line":50,"column":4},"end":{"line":50,"column":18}},"type":"default-arg","locations":[{"start":{"line":50,"column":15},"end":{"line":50,"column":18}}],"line":50},"5":{"loc":{"start":{"line":52,"column":4},"end":{"line":52,"column":21}},"type":"default-arg","locations":[{"start":{"line":52,"column":19},"end":{"line":52,"column":21}}],"line":52},"6":{"loc":{"start":{"line":56,"column":4},"end":{"line":68,"column":5}},"type":"if","locations":[{"start":{"line":56,"column":4},"end":{"line":68,"column":5}},{"start":{},"end":{}}],"line":56},"7":{"loc":{"start":{"line":62,"column":6},"end":{"line":66,"column":7}},"type":"if","locations":[{"start":{"line":62,"column":6},"end":{"line":66,"column":7}},{"start":{"line":64,"column":13},"end":{"line":66,"column":7}}],"line":62},"8":{"loc":{"start":{"line":74,"column":4},"end":{"line":82,"column":5}},"type":"if","locations":[{"start":{"line":74,"column":4},"end":{"line":82,"column":5}},{"start":{},"end":{}}],"line":74},"9":{"loc":{"start":{"line":76,"column":6},"end":{"line":80,"column":7}},"type":"if","locations":[{"start":{"line":76,"column":6},"end":{"line":80,"column":7}},{"start":{"line":78,"column":13},"end":{"line":80,"column":7}}],"line":76}},"s":{"0":3,"1":3,"2":0,"3":0,"4":0,"5":0,"6":0,"7":0,"8":3,"9":4,"10":0,"11":0,"12":0,"13":0,"14":0,"15":0,"16":0,"17":0,"18":0,"19":0,"20":0,"21":0,"22":0,"23":0,"24":0,"25":0,"26":0,"27":0,"28":0,"29":0,"30":0,"31":0,"32":0,"33":0},"f":{"0":0,"1":0,"2":0,"3":4,"4":0,"5":0,"6":0,"7":0},"b":{"0":[0,0],"1":[0],"2":[0],"3":[0,0],"4":[0],"5":[0],"6":[0,0],"7":[0,0],"8":[0,0],"9":[0,0]},"_coverageSchema":"1a1c01bbd47fc00a2c39e90264f33305004495a9","hash":"787fcce3691fac175f5b1d3709c2923bb53b0c3f"}
,"C:\\Users\\gbade\\Documents\\MKD\\internship_node\\day17\\tests\\helpers.js": {"path":"C:\\Users\\gbade\\Documents\\MKD\\internship_node\\day17\\tests\\helpers.js","statementMap":{"0":{"start":{"line":1,"column":11},"end":{"line":1,"column":31}},"1":{"start":{"line":3,"column":22},"end":{"line":6,"column":1}},"2":{"start":{"line":4,"column":2},"end":{"line":4,"column":42}},"3":{"start":{"line":5,"column":2},"end":{"line":5,"column":43}},"4":{"start":{"line":8,"column":27},"end":{"line":17,"column":1}},"5":{"start":{"line":9,"column":2},"end":{"line":16,"column":5}},"6":{"start":{"line":19,"column":26},"end":{"line":29,"column":1}},"7":{"start":{"line":20,"column":2},"end":{"line":28,"column":5}},"8":{"start":{"line":31,"column":0},"end":{"line":35,"column":2}}},"fnMap":{"0":{"name":"(anonymous_0)","decl":{"start":{"line":3,"column":22},"end":{"line":3,"column":23}},"loc":{"start":{"line":3,"column":34},"end":{"line":6,"column":1}},"line":3},"1":{"name":"(anonymous_1)","decl":{"start":{"line":8,"column":27},"end":{"line":8,"column":28}},"loc":{"start":{"line":8,"column":48},"end":{"line":17,"column":1}},"line":8},"2":{"name":"(anonymous_2)","decl":{"start":{"line":19,"column":26},"end":{"line":19,"column":27}},"loc":{"start":{"line":19,"column":57},"end":{"line":29,"column":1}},"line":19}},"branchMap":{"0":{"loc":{"start":{"line":8,"column":34},"end":{"line":8,"column":43}},"type":"default-arg","locations":[{"start":{"line":8,"column":41},"end":{"line":8,"column":43}}],"line":8},"1":{"loc":{"start":{"line":19,"column":43},"end":{"line":19,"column":52}},"type":"default-arg","locations":[{"start":{"line":19,"column":50},"end":{"line":19,"column":52}}],"line":19}},"s":{"0":2,"1":2,"2":0,"3":0,"4":2,"5":0,"6":2,"7":0,"8":2},"f":{"0":0,"1":0,"2":0},"b":{"0":[0],"1":[0]},"_coverageSchema":"1a1c01bbd47fc00a2c39e90264f33305004495a9","hash":"9035c7eab361d9935de9e81721b66d2499bbb45e"}
,"C:\\Users\\gbade\\Documents\\MKD\\internship_node\\day17\\utils\\logger.js": {"path":"C:\\Users\\gbade\\Documents\\MKD\\internship_node\\day17\\utils\\logger.js","statementMap":{"0":{"start":{"line":1,"column":16},"end":{"line":1,"column":34}},"1":{"start":{"line":3,"column":15},"end":{"line":13,"column":2}},"2":{"start":{"line":15,"column":0},"end":{"line":19,"column":1}},"3":{"start":{"line":16,"column":2},"end":{"line":18,"column":6}},"4":{"start":{"line":21,"column":0},"end":{"line":21,"column":24}}},"fnMap":{},"branchMap":{"0":{"loc":{"start":{"line":15,"column":0},"end":{"line":19,"column":1}},"type":"if","locations":[{"start":{"line":15,"column":0},"end":{"line":19,"column":1}},{"start":{},"end":{}}],"line":15}},"s":{"0":2,"1":2,"2":2,"3":2,"4":2},"f":{},"b":{"0":[2,0]},"_coverageSchema":"1a1c01bbd47fc00a2c39e90264f33305004495a9","hash":"1360d729d097b162cade19d142b09f1a82647fd9"}
}
