TN:
SF:app.js
FN:38,(anonymous_0)
FN:43,(anonymous_1)
FNF:2
FNH:0
FNDA:0,(anonymous_0)
FNDA:0,(anonymous_1)
DA:1,2
DA:2,2
DA:3,2
DA:4,2
DA:5,2
DA:7,2
DA:8,2
DA:9,2
DA:10,2
DA:12,2
DA:13,2
DA:14,2
DA:15,2
DA:17,2
DA:18,2
DA:20,2
DA:21,2
DA:22,2
DA:23,2
DA:24,2
DA:25,2
DA:26,2
DA:27,2
DA:29,2
DA:30,2
DA:31,2
DA:32,2
DA:35,2
DA:38,2
DA:39,0
DA:43,2
DA:45,0
DA:46,0
DA:49,0
DA:50,0
DA:53,2
LF:36
LH:31
BRDA:46,0,0,0
BRDA:46,0,1,0
BRDA:49,1,0,0
BRDA:49,1,1,0
BRF:4
BRH:0
end_of_record
TN:
SF:swagger.js
FNF:0
FNH:0
DA:1,2
DA:3,2
DA:96,2
LF:3
LH:3
BRF:0
BRH:0
end_of_record
TN:
SF:config\database.js
FNF:0
FNH:0
DA:1,3
DA:3,3
LF:2
LH:2
BRDA:5,0,0,3
BRDA:5,0,1,0
BRDA:6,1,0,3
BRDA:6,1,1,0
BRDA:7,2,0,3
BRDA:7,2,1,0
BRDA:8,3,0,3
BRDA:8,3,1,0
BRDA:12,4,0,3
BRDA:12,4,1,0
BRDA:13,5,0,3
BRDA:13,5,1,0
BRDA:14,6,0,3
BRDA:14,6,1,0
BRDA:15,7,0,3
BRDA:15,7,1,0
BRF:16
BRH:8
end_of_record
TN:
SF:middleware\errorHandler.js
FN:1,(anonymous_0)
FN:8,(anonymous_1)
FNF:2
FNH:0
FNDA:0,(anonymous_0)
FNDA:0,(anonymous_1)
DA:1,2
DA:2,0
DA:4,0
DA:5,0
DA:8,0
DA:15,0
DA:16,0
DA:22,0
LF:8
LH:1
BRDA:4,0,0,0
BRDA:4,0,1,0
BRDA:15,1,0,0
BRDA:15,1,1,0
BRF:4
BRH:0
end_of_record
TN:
SF:models\appointment.js
FN:1,(anonymous_0)
FNF:1
FNH:1
FNDA:3,(anonymous_0)
DA:1,3
DA:2,3
DA:37,3
LF:3
LH:3
BRF:0
BRH:0
end_of_record
TN:
SF:models\booking.js
FN:2,(anonymous_0)
FN:75,(anonymous_1)
FNF:2
FNH:2
FNDA:3,(anonymous_0)
FNDA:3,(anonymous_1)
DA:2,3
DA:12,3
DA:75,3
DA:76,3
DA:82,3
LF:5
LH:5
BRF:0
BRH:0
end_of_record
TN:
SF:models\index.js
FN:50,(anonymous_0)
FN:53,(anonymous_1)
FN:61,(anonymous_2)
FNF:3
FNH:3
FNDA:15,(anonymous_0)
FNDA:12,(anonymous_1)
FNDA:12,(anonymous_2)
DA:11,3
DA:12,3
DA:13,3
DA:14,3
DA:15,3
DA:16,3
DA:17,3
DA:18,3
DA:20,3
DA:22,3
DA:49,3
DA:51,15
DA:54,12
DA:55,12
DA:56,12
DA:57,12
DA:61,3
DA:62,12
DA:63,6
DA:67,3
DA:68,3
DA:70,3
LF:22
LH:22
BRDA:17,0,0,3
BRDA:17,0,1,0
BRDA:51,1,0,15
BRDA:51,1,1,15
BRDA:51,1,2,12
BRDA:55,2,0,12
BRDA:55,2,1,0
BRDA:62,3,0,6
BRDA:62,3,1,6
BRF:9
BRH:7
end_of_record
TN:
SF:models\location.js
FN:1,(anonymous_0)
FNF:1
FNH:1
FNDA:3,(anonymous_0)
DA:1,3
DA:2,3
DA:25,3
LF:3
LH:3
BRF:0
BRH:0
end_of_record
TN:
SF:models\schedule.js
FN:2,(anonymous_0)
FN:21,(anonymous_1)
FN:68,(anonymous_2)
FNF:3
FNH:2
FNDA:3,(anonymous_0)
FNDA:0,(anonymous_1)
FNDA:3,(anonymous_2)
DA:2,3
DA:10,3
DA:22,0
DA:23,0
DA:68,3
DA:69,3
DA:75,3
LF:7
LH:5
BRDA:22,0,0,0
BRDA:22,0,1,0
BRF:2
BRH:0
end_of_record
TN:
SF:routes\bookings.js
FN:48,(anonymous_0)
FN:112,(anonymous_1)
FN:166,(anonymous_2)
FN:193,(anonymous_3)
FNF:4
FNH:0
FNDA:0,(anonymous_0)
FNDA:0,(anonymous_1)
FNDA:0,(anonymous_2)
FNDA:0,(anonymous_3)
DA:1,2
DA:2,2
DA:3,2
DA:4,2
DA:5,2
DA:6,2
DA:7,2
DA:10,2
DA:48,2
DA:49,0
DA:50,0
DA:57,0
DA:62,0
DA:63,0
DA:112,2
DA:113,0
DA:115,0
DA:118,0
DA:121,0
DA:129,0
DA:130,0
DA:131,0
DA:138,0
DA:149,0
DA:151,0
DA:153,0
DA:159,0
DA:160,0
DA:161,0
DA:166,2
DA:167,0
DA:168,0
DA:175,0
DA:176,0
DA:182,0
DA:187,0
DA:188,0
DA:193,2
DA:194,0
DA:196,0
DA:197,0
DA:198,0
DA:200,0
DA:201,0
DA:202,0
DA:208,0
DA:210,0
DA:211,0
DA:217,0
DA:219,0
DA:224,0
DA:225,0
DA:226,0
DA:230,2
LF:54
LH:13
BRDA:129,0,0,0
BRDA:129,0,1,0
BRDA:175,1,0,0
BRDA:175,1,1,0
BRDA:200,2,0,0
BRDA:200,2,1,0
BRDA:210,3,0,0
BRDA:210,3,1,0
BRF:8
BRH:0
end_of_record
TN:
SF:routes\index.js
FN:6,(anonymous_0)
FN:33,(anonymous_1)
FN:59,(anonymous_2)
FN:65,(anonymous_3)
FN:74,(anonymous_4)
FNF:5
FNH:0
FNDA:0,(anonymous_0)
FNDA:0,(anonymous_1)
FNDA:0,(anonymous_2)
FNDA:0,(anonymous_3)
FNDA:0,(anonymous_4)
DA:1,2
DA:2,2
DA:3,2
DA:6,2
DA:7,0
DA:29,0
DA:33,2
DA:35,0
DA:36,0
DA:37,0
DA:38,0
DA:45,0
DA:46,0
DA:47,0
DA:48,0
DA:49,0
DA:55,0
DA:59,2
DA:60,0
DA:61,0
DA:65,2
DA:67,0
DA:70,0
DA:74,2
DA:75,0
DA:78,2
LF:26
LH:9
BRF:0
BRH:0
end_of_record
TN:
SF:routes\schedules.js
FN:23,(anonymous_0)
FN:52,(anonymous_1)
FN:90,(anonymous_2)
FN:112,(anonymous_3)
FNF:4
FNH:0
FNDA:0,(anonymous_0)
FNDA:0,(anonymous_1)
FNDA:0,(anonymous_2)
FNDA:0,(anonymous_3)
DA:1,2
DA:2,2
DA:3,2
DA:4,2
DA:5,2
DA:6,2
DA:7,2
DA:10,2
DA:23,2
DA:24,0
DA:25,0
DA:26,0
DA:28,0
DA:41,0
DA:46,0
DA:47,0
DA:52,2
DA:53,0
DA:55,0
DA:56,0
DA:59,0
DA:60,0
DA:61,0
DA:62,0
DA:68,0
DA:76,0
DA:78,0
DA:83,0
DA:84,0
DA:85,0
DA:90,2
DA:91,0
DA:92,0
DA:94,0
DA:95,0
DA:101,0
DA:106,0
DA:107,0
DA:112,2
DA:113,0
DA:115,0
DA:116,0
DA:117,0
DA:119,0
DA:120,0
DA:121,0
DA:127,0
DA:128,0
DA:130,0
DA:135,0
DA:136,0
DA:137,0
DA:141,2
LF:53
LH:13
BRDA:60,0,0,0
BRDA:60,0,1,0
BRDA:94,1,0,0
BRDA:94,1,1,0
BRDA:119,2,0,0
BRDA:119,2,1,0
BRF:6
BRH:0
end_of_record
TN:
SF:routes\users.js
FN:5,(anonymous_0)
FNF:1
FNH:0
FNDA:0,(anonymous_0)
DA:1,2
DA:2,2
DA:5,2
DA:6,0
DA:9,2
LF:5
LH:4
BRF:0
BRH:0
end_of_record
TN:
SF:services\ValidationService.js
FN:4,(anonymous_0)
FN:6,(anonymous_1)
FN:10,(anonymous_2)
FN:26,(anonymous_3)
FN:26,(anonymous_4)
FN:46,(anonymous_5)
FN:58,(anonymous_6)
FN:71,(anonymous_7)
FNF:8
FNH:1
FNDA:0,(anonymous_0)
FNDA:0,(anonymous_1)
FNDA:0,(anonymous_2)
FNDA:4,(anonymous_3)
FNDA:0,(anonymous_4)
FNDA:0,(anonymous_5)
FNDA:0,(anonymous_6)
FNDA:0,(anonymous_7)
DA:1,3
DA:4,3
DA:5,0
DA:6,0
DA:11,0
DA:12,0
DA:14,0
DA:16,0
DA:19,3
DA:26,4
DA:31,0
DA:32,0
DA:34,0
DA:35,0
DA:36,0
DA:37,0
DA:39,0
DA:41,0
DA:42,0
DA:54,0
DA:56,0
DA:58,0
DA:59,0
DA:62,0
DA:63,0
DA:65,0
DA:67,0
DA:72,0
DA:74,0
DA:76,0
DA:77,0
DA:79,0
DA:81,0
DA:83,0
LF:34
LH:4
BRDA:11,0,0,0
BRDA:11,0,1,0
BRDA:26,1,0,0
BRDA:26,2,0,0
BRDA:36,3,0,0
BRDA:36,3,1,0
BRDA:50,4,0,0
BRDA:52,5,0,0
BRDA:56,6,0,0
BRDA:56,6,1,0
BRDA:62,7,0,0
BRDA:62,7,1,0
BRDA:74,8,0,0
BRDA:74,8,1,0
BRDA:76,9,0,0
BRDA:76,9,1,0
BRF:16
BRH:0
end_of_record
TN:
SF:tests\helpers.js
FN:3,(anonymous_0)
FN:8,(anonymous_1)
FN:19,(anonymous_2)
FNF:3
FNH:0
FNDA:0,(anonymous_0)
FNDA:0,(anonymous_1)
FNDA:0,(anonymous_2)
DA:1,2
DA:3,2
DA:4,0
DA:5,0
DA:8,2
DA:9,0
DA:19,2
DA:20,0
DA:31,2
LF:9
LH:5
BRDA:8,0,0,0
BRDA:19,1,0,0
BRF:2
BRH:0
end_of_record
TN:
SF:utils\logger.js
FNF:0
FNH:0
DA:1,2
DA:3,2
DA:15,2
DA:16,2
DA:21,2
LF:5
LH:5
BRDA:15,0,0,2
BRDA:15,0,1,0
BRF:2
BRH:1
end_of_record
