{"C:\\Users\\gbade\\Documents\\MKD\\internship_node\\day1\\app.js": {"path":"C:\\Users\\gbade\\Documents\\MKD\\internship_node\\day1\\app.js","statementMap":{"0":{"start":{"line":1,"column":18},"end":{"line":1,"column":40}},"1":{"start":{"line":2,"column":14},"end":{"line":2,"column":32}},"2":{"start":{"line":3,"column":11},"end":{"line":3,"column":26}},"3":{"start":{"line":4,"column":19},"end":{"line":4,"column":43}},"4":{"start":{"line":5,"column":13},"end":{"line":5,"column":30}},"5":{"start":{"line":6,"column":16},"end":{"line":6,"column":45}},"6":{"start":{"line":7,"column":18},"end":{"line":7,"column":38}},"7":{"start":{"line":9,"column":18},"end":{"line":9,"column":43}},"8":{"start":{"line":10,"column":18},"end":{"line":10,"column":43}},"9":{"start":{"line":12,"column":11},"end":{"line":12,"column":30}},"10":{"start":{"line":13,"column":11},"end":{"line":13,"column":26}},"11":{"start":{"line":15,"column":10},"end":{"line":15,"column":19}},"12":{"start":{"line":16,"column":0},"end":{"line":16,"column":18}},"13":{"start":{"line":19,"column":0},"end":{"line":19,"column":27}},"14":{"start":{"line":22,"column":0},"end":{"line":22,"column":48}},"15":{"start":{"line":23,"column":0},"end":{"line":23,"column":31}},"16":{"start":{"line":24,"column":0},"end":{"line":24,"column":16}},"17":{"start":{"line":25,"column":0},"end":{"line":25,"column":23}},"18":{"start":{"line":26,"column":0},"end":{"line":26,"column":24}},"19":{"start":{"line":27,"column":0},"end":{"line":27,"column":49}},"20":{"start":{"line":28,"column":0},"end":{"line":28,"column":24}},"21":{"start":{"line":29,"column":0},"end":{"line":29,"column":56}},"22":{"start":{"line":32,"column":0},"end":{"line":35,"column":3}},"23":{"start":{"line":33,"column":2},"end":{"line":33,"column":75}},"24":{"start":{"line":34,"column":2},"end":{"line":34,"column":9}},"25":{"start":{"line":38,"column":0},"end":{"line":38,"column":68}},"26":{"start":{"line":40,"column":0},"end":{"line":40,"column":26}},"27":{"start":{"line":41,"column":0},"end":{"line":41,"column":31}},"28":{"start":{"line":42,"column":0},"end":{"line":42,"column":68}},"29":{"start":{"line":43,"column":0},"end":{"line":43,"column":52}},"30":{"start":{"line":44,"column":0},"end":{"line":44,"column":64}},"31":{"start":{"line":47,"column":0},"end":{"line":49,"column":3}},"32":{"start":{"line":48,"column":2},"end":{"line":48,"column":25}},"33":{"start":{"line":52,"column":0},"end":{"line":63,"column":3}},"34":{"start":{"line":54,"column":2},"end":{"line":54,"column":35}},"35":{"start":{"line":55,"column":2},"end":{"line":55,"column":69}},"36":{"start":{"line":58,"column":2},"end":{"line":58,"column":40}},"37":{"start":{"line":61,"column":2},"end":{"line":61,"column":32}},"38":{"start":{"line":62,"column":2},"end":{"line":62,"column":22}},"39":{"start":{"line":65,"column":0},"end":{"line":65,"column":21}}},"fnMap":{"0":{"name":"(anonymous_0)","decl":{"start":{"line":32,"column":8},"end":{"line":32,"column":9}},"loc":{"start":{"line":32,"column":28},"end":{"line":35,"column":1}},"line":32},"1":{"name":"(anonymous_1)","decl":{"start":{"line":47,"column":8},"end":{"line":47,"column":9}},"loc":{"start":{"line":47,"column":34},"end":{"line":49,"column":1}},"line":47},"2":{"name":"(anonymous_2)","decl":{"start":{"line":52,"column":8},"end":{"line":52,"column":9}},"loc":{"start":{"line":52,"column":39},"end":{"line":63,"column":1}},"line":52}},"branchMap":{"0":{"loc":{"start":{"line":55,"column":21},"end":{"line":55,"column":68}},"type":"cond-expr","locations":[{"start":{"line":55,"column":60},"end":{"line":55,"column":63}},{"start":{"line":55,"column":66},"end":{"line":55,"column":68}}],"line":55},"1":{"loc":{"start":{"line":61,"column":13},"end":{"line":61,"column":30}},"type":"binary-expr","locations":[{"start":{"line":61,"column":13},"end":{"line":61,"column":23}},{"start":{"line":61,"column":27},"end":{"line":61,"column":30}}],"line":61}},"s":{"0":5,"1":5,"2":5,"3":5,"4":5,"5":5,"6":5,"7":5,"8":5,"9":5,"10":5,"11":5,"12":5,"13":5,"14":5,"15":5,"16":5,"17":5,"18":5,"19":5,"20":5,"21":5,"22":5,"23":9,"24":9,"25":5,"26":5,"27":5,"28":5,"29":5,"30":5,"31":5,"32":0,"33":5,"34":0,"35":0,"36":0,"37":0,"38":0,"39":5},"f":{"0":9,"1":0,"2":0},"b":{"0":[0,0],"1":[0,0]},"_coverageSchema":"1a1c01bbd47fc00a2c39e90264f33305004495a9","hash":"0b9b62eeee7778304a238a3addb00ef07069f382"}
,"C:\\Users\\gbade\\Documents\\MKD\\internship_node\\day1\\swagger.js": {"path":"C:\\Users\\gbade\\Documents\\MKD\\internship_node\\day1\\swagger.js","statementMap":{"0":{"start":{"line":1,"column":21},"end":{"line":1,"column":45}},"1":{"start":{"line":3,"column":16},"end":{"line":186,"column":1}},"2":{"start":{"line":188,"column":0},"end":{"line":188,"column":39}}},"fnMap":{},"branchMap":{},"s":{"0":5,"1":5,"2":5},"f":{},"b":{},"_coverageSchema":"1a1c01bbd47fc00a2c39e90264f33305004495a9","hash":"e4287c4195fa2ec61db7975cd348b62894942b1d"}
,"C:\\Users\\gbade\\Documents\\MKD\\internship_node\\day1\\config\\database.js": {"path":"C:\\Users\\gbade\\Documents\\MKD\\internship_node\\day1\\config\\database.js","statementMap":{"0":{"start":{"line":1,"column":0},"end":{"line":1,"column":27}},"1":{"start":{"line":3,"column":0},"end":{"line":28,"column":2}}},"fnMap":{},"branchMap":{"0":{"loc":{"start":{"line":5,"column":14},"end":{"line":5,"column":43}},"type":"binary-expr","locations":[{"start":{"line":5,"column":14},"end":{"line":5,"column":33}},{"start":{"line":5,"column":37},"end":{"line":5,"column":43}}],"line":5},"1":{"loc":{"start":{"line":6,"column":14},"end":{"line":6,"column":43}},"type":"binary-expr","locations":[{"start":{"line":6,"column":14},"end":{"line":6,"column":33}},{"start":{"line":6,"column":37},"end":{"line":6,"column":43}}],"line":6},"2":{"loc":{"start":{"line":7,"column":14},"end":{"line":7,"column":54}},"type":"binary-expr","locations":[{"start":{"line":7,"column":14},"end":{"line":7,"column":33}},{"start":{"line":7,"column":37},"end":{"line":7,"column":54}}],"line":7},"3":{"loc":{"start":{"line":8,"column":10},"end":{"line":8,"column":44}},"type":"binary-expr","locations":[{"start":{"line":8,"column":10},"end":{"line":8,"column":29}},{"start":{"line":8,"column":33},"end":{"line":8,"column":44}}],"line":8},"4":{"loc":{"start":{"line":13,"column":14},"end":{"line":13,"column":48}},"type":"binary-expr","locations":[{"start":{"line":13,"column":14},"end":{"line":13,"column":38}},{"start":{"line":13,"column":42},"end":{"line":13,"column":48}}],"line":13},"5":{"loc":{"start":{"line":14,"column":14},"end":{"line":14,"column":48}},"type":"binary-expr","locations":[{"start":{"line":14,"column":14},"end":{"line":14,"column":38}},{"start":{"line":14,"column":42},"end":{"line":14,"column":48}}],"line":14},"6":{"loc":{"start":{"line":15,"column":14},"end":{"line":15,"column":64}},"type":"binary-expr","locations":[{"start":{"line":15,"column":14},"end":{"line":15,"column":38}},{"start":{"line":15,"column":42},"end":{"line":15,"column":64}}],"line":15},"7":{"loc":{"start":{"line":16,"column":10},"end":{"line":16,"column":49}},"type":"binary-expr","locations":[{"start":{"line":16,"column":10},"end":{"line":16,"column":34}},{"start":{"line":16,"column":38},"end":{"line":16,"column":49}}],"line":16}},"s":{"0":5,"1":5},"f":{},"b":{"0":[5,0],"1":[5,0],"2":[5,0],"3":[5,0],"4":[5,0],"5":[5,0],"6":[5,0],"7":[5,0]},"_coverageSchema":"1a1c01bbd47fc00a2c39e90264f33305004495a9","hash":"f301571c044be90f0e2cefd5b099e11a5776c63b"}
,"C:\\Users\\gbade\\Documents\\MKD\\internship_node\\day1\\models\\index.js": {"path":"C:\\Users\\gbade\\Documents\\MKD\\internship_node\\day1\\models\\index.js","statementMap":{"0":{"start":{"line":3,"column":11},"end":{"line":3,"column":24}},"1":{"start":{"line":4,"column":13},"end":{"line":4,"column":28}},"2":{"start":{"line":5,"column":18},"end":{"line":5,"column":38}},"3":{"start":{"line":6,"column":17},"end":{"line":6,"column":42}},"4":{"start":{"line":7,"column":12},"end":{"line":7,"column":49}},"5":{"start":{"line":8,"column":15},"end":{"line":8,"column":49}},"6":{"start":{"line":9,"column":11},"end":{"line":9,"column":13}},"7":{"start":{"line":12,"column":0},"end":{"line":44,"column":1}},"8":{"start":{"line":13,"column":2},"end":{"line":41,"column":3}},"9":{"start":{"line":15,"column":4},"end":{"line":26,"column":7}},"10":{"start":{"line":29,"column":4},"end":{"line":40,"column":6}},"11":{"start":{"line":43,"column":2},"end":{"line":43,"column":59}},"12":{"start":{"line":47,"column":0},"end":{"line":54,"column":5}},"13":{"start":{"line":49,"column":4},"end":{"line":49,"column":90}},"14":{"start":{"line":52,"column":18},"end":{"line":52,"column":85}},"15":{"start":{"line":53,"column":4},"end":{"line":53,"column":27}},"16":{"start":{"line":57,"column":0},"end":{"line":61,"column":3}},"17":{"start":{"line":58,"column":2},"end":{"line":60,"column":3}},"18":{"start":{"line":59,"column":4},"end":{"line":59,"column":32}},"19":{"start":{"line":63,"column":0},"end":{"line":63,"column":25}},"20":{"start":{"line":64,"column":0},"end":{"line":64,"column":25}},"21":{"start":{"line":66,"column":0},"end":{"line":66,"column":20}}},"fnMap":{"0":{"name":"(anonymous_0)","decl":{"start":{"line":48,"column":10},"end":{"line":48,"column":11}},"loc":{"start":{"line":48,"column":18},"end":{"line":50,"column":3}},"line":48},"1":{"name":"(anonymous_1)","decl":{"start":{"line":51,"column":11},"end":{"line":51,"column":12}},"loc":{"start":{"line":51,"column":19},"end":{"line":54,"column":3}},"line":51},"2":{"name":"(anonymous_2)","decl":{"start":{"line":57,"column":24},"end":{"line":57,"column":25}},"loc":{"start":{"line":57,"column":37},"end":{"line":61,"column":1}},"line":57}},"branchMap":{"0":{"loc":{"start":{"line":7,"column":12},"end":{"line":7,"column":49}},"type":"binary-expr","locations":[{"start":{"line":7,"column":12},"end":{"line":7,"column":32}},{"start":{"line":7,"column":36},"end":{"line":7,"column":49}}],"line":7},"1":{"loc":{"start":{"line":13,"column":2},"end":{"line":41,"column":3}},"type":"if","locations":[{"start":{"line":13,"column":2},"end":{"line":41,"column":3}},{"start":{"line":27,"column":9},"end":{"line":41,"column":3}}],"line":13},"2":{"loc":{"start":{"line":17,"column":12},"end":{"line":17,"column":51}},"type":"binary-expr","locations":[{"start":{"line":17,"column":12},"end":{"line":17,"column":36}},{"start":{"line":17,"column":40},"end":{"line":17,"column":51}}],"line":17},"3":{"loc":{"start":{"line":18,"column":16},"end":{"line":18,"column":50}},"type":"binary-expr","locations":[{"start":{"line":18,"column":16},"end":{"line":18,"column":40}},{"start":{"line":18,"column":44},"end":{"line":18,"column":50}}],"line":18},"4":{"loc":{"start":{"line":19,"column":16},"end":{"line":19,"column":46}},"type":"binary-expr","locations":[{"start":{"line":19,"column":16},"end":{"line":19,"column":40}},{"start":{"line":19,"column":44},"end":{"line":19,"column":46}}],"line":19},"5":{"loc":{"start":{"line":20,"column":16},"end":{"line":20,"column":66}},"type":"binary-expr","locations":[{"start":{"line":20,"column":16},"end":{"line":20,"column":40}},{"start":{"line":20,"column":44},"end":{"line":20,"column":66}}],"line":20},"6":{"loc":{"start":{"line":49,"column":11},"end":{"line":49,"column":89}},"type":"binary-expr","locations":[{"start":{"line":49,"column":12},"end":{"line":49,"column":35}},{"start":{"line":49,"column":41},"end":{"line":49,"column":58}},{"start":{"line":49,"column":64},"end":{"line":49,"column":88}}],"line":49},"7":{"loc":{"start":{"line":58,"column":2},"end":{"line":60,"column":3}},"type":"if","locations":[{"start":{"line":58,"column":2},"end":{"line":60,"column":3}},{"start":{},"end":{}}],"line":58}},"s":{"0":5,"1":5,"2":5,"3":5,"4":5,"5":5,"6":5,"7":5,"8":5,"9":5,"10":0,"11":0,"12":5,"13":25,"14":20,"15":20,"16":5,"17":20,"18":0,"19":5,"20":5,"21":5},"f":{"0":25,"1":20,"2":20},"b":{"0":[5,0],"1":[5,0],"2":[5,0],"3":[5,0],"4":[5,0],"5":[5,0],"6":[25,25,20],"7":[0,20]},"_coverageSchema":"1a1c01bbd47fc00a2c39e90264f33305004495a9","hash":"bb4942c8673832dfaf06f3061a15dfd0e4ae8b20"}
,"C:\\Users\\gbade\\Documents\\MKD\\internship_node\\day1\\models\\location.js": {"path":"C:\\Users\\gbade\\Documents\\MKD\\internship_node\\day1\\models\\location.js","statementMap":{"0":{"start":{"line":1,"column":0},"end":{"line":26,"column":2}},"1":{"start":{"line":2,"column":19},"end":{"line":23,"column":3}},"2":{"start":{"line":25,"column":2},"end":{"line":25,"column":18}}},"fnMap":{"0":{"name":"(anonymous_0)","decl":{"start":{"line":1,"column":17},"end":{"line":1,"column":18}},"loc":{"start":{"line":1,"column":43},"end":{"line":26,"column":1}},"line":1}},"branchMap":{},"s":{"0":5,"1":5,"2":5},"f":{"0":5},"b":{},"_coverageSchema":"1a1c01bbd47fc00a2c39e90264f33305004495a9","hash":"6bfc5b413bffae482e8367661ce2b053d09ddf46"}
,"C:\\Users\\gbade\\Documents\\MKD\\internship_node\\day1\\models\\order.js": {"path":"C:\\Users\\gbade\\Documents\\MKD\\internship_node\\day1\\models\\order.js","statementMap":{"0":{"start":{"line":1,"column":0},"end":{"line":33,"column":2}},"1":{"start":{"line":2,"column":16},"end":{"line":31,"column":4}},"2":{"start":{"line":32,"column":2},"end":{"line":32,"column":15}}},"fnMap":{"0":{"name":"(anonymous_0)","decl":{"start":{"line":1,"column":17},"end":{"line":1,"column":18}},"loc":{"start":{"line":1,"column":43},"end":{"line":33,"column":1}},"line":1}},"branchMap":{},"s":{"0":5,"1":5,"2":5},"f":{"0":5},"b":{},"_coverageSchema":"1a1c01bbd47fc00a2c39e90264f33305004495a9","hash":"d628ba55955f7ac72d145e4b9e587efd8eef252b"}
,"C:\\Users\\gbade\\Documents\\MKD\\internship_node\\day1\\models\\shipping_dock.js": {"path":"C:\\Users\\gbade\\Documents\\MKD\\internship_node\\day1\\models\\shipping_dock.js","statementMap":{"0":{"start":{"line":1,"column":0},"end":{"line":22,"column":2}},"1":{"start":{"line":2,"column":23},"end":{"line":20,"column":4}},"2":{"start":{"line":21,"column":2},"end":{"line":21,"column":22}}},"fnMap":{"0":{"name":"(anonymous_0)","decl":{"start":{"line":1,"column":17},"end":{"line":1,"column":18}},"loc":{"start":{"line":1,"column":43},"end":{"line":22,"column":1}},"line":1}},"branchMap":{},"s":{"0":5,"1":5,"2":5},"f":{"0":5},"b":{},"_coverageSchema":"1a1c01bbd47fc00a2c39e90264f33305004495a9","hash":"d609dcd65e2a8e2950a169563ff4e8370ba7b461"}
,"C:\\Users\\gbade\\Documents\\MKD\\internship_node\\day1\\models\\transaction.js": {"path":"C:\\Users\\gbade\\Documents\\MKD\\internship_node\\day1\\models\\transaction.js","statementMap":{"0":{"start":{"line":1,"column":0},"end":{"line":32,"column":2}},"1":{"start":{"line":2,"column":22},"end":{"line":30,"column":4}},"2":{"start":{"line":31,"column":2},"end":{"line":31,"column":21}}},"fnMap":{"0":{"name":"(anonymous_0)","decl":{"start":{"line":1,"column":17},"end":{"line":1,"column":18}},"loc":{"start":{"line":1,"column":43},"end":{"line":32,"column":1}},"line":1}},"branchMap":{},"s":{"0":5,"1":5,"2":5},"f":{"0":5},"b":{},"_coverageSchema":"1a1c01bbd47fc00a2c39e90264f33305004495a9","hash":"c62536521873f3851393ead786f820c9fae1ed0c"}
,"C:\\Users\\gbade\\Documents\\MKD\\internship_node\\day1\\routes\\index.js": {"path":"C:\\Users\\gbade\\Documents\\MKD\\internship_node\\day1\\routes\\index.js","statementMap":{"0":{"start":{"line":1,"column":14},"end":{"line":1,"column":32}},"1":{"start":{"line":2,"column":13},"end":{"line":2,"column":29}},"2":{"start":{"line":5,"column":0},"end":{"line":7,"column":3}},"3":{"start":{"line":6,"column":2},"end":{"line":6,"column":44}},"4":{"start":{"line":9,"column":0},"end":{"line":9,"column":24}}},"fnMap":{"0":{"name":"(anonymous_0)","decl":{"start":{"line":5,"column":16},"end":{"line":5,"column":17}},"loc":{"start":{"line":5,"column":41},"end":{"line":7,"column":1}},"line":5}},"branchMap":{},"s":{"0":5,"1":5,"2":5,"3":1,"4":5},"f":{"0":1},"b":{},"_coverageSchema":"1a1c01bbd47fc00a2c39e90264f33305004495a9","hash":"7b94691dc07de6c0a7bc050e2d958e72fe451daa"}
,"C:\\Users\\gbade\\Documents\\MKD\\internship_node\\day1\\routes\\order.js": {"path":"C:\\Users\\gbade\\Documents\\MKD\\internship_node\\day1\\routes\\order.js","statementMap":{"0":{"start":{"line":1,"column":16},"end":{"line":1,"column":34}},"1":{"start":{"line":2,"column":15},"end":{"line":2,"column":31}},"2":{"start":{"line":3,"column":11},"end":{"line":3,"column":31}},"3":{"start":{"line":4,"column":14},"end":{"line":4,"column":22}},"4":{"start":{"line":5,"column":55},"end":{"line":5,"column":95}},"5":{"start":{"line":6,"column":24},"end":{"line":6,"column":59}},"6":{"start":{"line":9,"column":29},"end":{"line":15,"column":1}},"7":{"start":{"line":18,"column":27},"end":{"line":29,"column":1}},"8":{"start":{"line":59,"column":0},"end":{"line":70,"column":3}},"9":{"start":{"line":60,"column":2},"end":{"line":69,"column":3}},"10":{"start":{"line":61,"column":19},"end":{"line":64,"column":6}},"11":{"start":{"line":65,"column":4},"end":{"line":65,"column":48}},"12":{"start":{"line":67,"column":4},"end":{"line":67,"column":49}},"13":{"start":{"line":68,"column":4},"end":{"line":68,"column":43}},"14":{"start":{"line":105,"column":0},"end":{"line":116,"column":3}},"15":{"start":{"line":106,"column":2},"end":{"line":115,"column":3}},"16":{"start":{"line":107,"column":18},"end":{"line":109,"column":6}},"17":{"start":{"line":110,"column":4},"end":{"line":110,"column":72}},"18":{"start":{"line":110,"column":16},"end":{"line":110,"column":72}},"19":{"start":{"line":111,"column":4},"end":{"line":111,"column":47}},"20":{"start":{"line":113,"column":4},"end":{"line":113,"column":65}},"21":{"start":{"line":114,"column":4},"end":{"line":114,"column":43}},"22":{"start":{"line":150,"column":0},"end":{"line":169,"column":3}},"23":{"start":{"line":154,"column":24},"end":{"line":154,"column":56}},"24":{"start":{"line":156,"column":4},"end":{"line":168,"column":5}},"25":{"start":{"line":157,"column":20},"end":{"line":160,"column":8}},"26":{"start":{"line":162,"column":6},"end":{"line":162,"column":33}},"27":{"start":{"line":163,"column":6},"end":{"line":163,"column":84}},"28":{"start":{"line":165,"column":6},"end":{"line":165,"column":35}},"29":{"start":{"line":166,"column":6},"end":{"line":166,"column":50}},"30":{"start":{"line":167,"column":6},"end":{"line":167,"column":45}},"31":{"start":{"line":204,"column":0},"end":{"line":231,"column":3}},"32":{"start":{"line":208,"column":24},"end":{"line":208,"column":56}},"33":{"start":{"line":210,"column":4},"end":{"line":230,"column":5}},"34":{"start":{"line":211,"column":20},"end":{"line":211,"column":55}},"35":{"start":{"line":212,"column":6},"end":{"line":215,"column":7}},"36":{"start":{"line":213,"column":8},"end":{"line":213,"column":37}},"37":{"start":{"line":214,"column":8},"end":{"line":214,"column":64}},"38":{"start":{"line":217,"column":22},"end":{"line":217,"column":67}},"39":{"start":{"line":219,"column":6},"end":{"line":222,"column":7}},"40":{"start":{"line":220,"column":8},"end":{"line":220,"column":50}},"41":{"start":{"line":221,"column":8},"end":{"line":221,"column":62}},"42":{"start":{"line":224,"column":6},"end":{"line":224,"column":33}},"43":{"start":{"line":225,"column":6},"end":{"line":225,"column":81}},"44":{"start":{"line":227,"column":6},"end":{"line":227,"column":35}},"45":{"start":{"line":228,"column":6},"end":{"line":228,"column":67}},"46":{"start":{"line":229,"column":6},"end":{"line":229,"column":45}},"47":{"start":{"line":261,"column":0},"end":{"line":279,"column":3}},"48":{"start":{"line":262,"column":22},"end":{"line":262,"column":54}},"49":{"start":{"line":264,"column":2},"end":{"line":278,"column":3}},"50":{"start":{"line":265,"column":18},"end":{"line":265,"column":53}},"51":{"start":{"line":266,"column":4},"end":{"line":269,"column":5}},"52":{"start":{"line":267,"column":6},"end":{"line":267,"column":35}},"53":{"start":{"line":268,"column":6},"end":{"line":268,"column":62}},"54":{"start":{"line":271,"column":4},"end":{"line":271,"column":41}},"55":{"start":{"line":272,"column":4},"end":{"line":272,"column":31}},"56":{"start":{"line":273,"column":4},"end":{"line":273,"column":76}},"57":{"start":{"line":275,"column":4},"end":{"line":275,"column":33}},"58":{"start":{"line":276,"column":4},"end":{"line":276,"column":65}},"59":{"start":{"line":277,"column":4},"end":{"line":277,"column":43}},"60":{"start":{"line":281,"column":0},"end":{"line":281,"column":24}}},"fnMap":{"0":{"name":"(anonymous_0)","decl":{"start":{"line":59,"column":16},"end":{"line":59,"column":17}},"loc":{"start":{"line":59,"column":36},"end":{"line":70,"column":1}},"line":59},"1":{"name":"(anonymous_1)","decl":{"start":{"line":105,"column":19},"end":{"line":105,"column":20}},"loc":{"start":{"line":105,"column":39},"end":{"line":116,"column":1}},"line":105},"2":{"name":"(anonymous_2)","decl":{"start":{"line":153,"column":2},"end":{"line":153,"column":3}},"loc":{"start":{"line":153,"column":22},"end":{"line":169,"column":1}},"line":153},"3":{"name":"(anonymous_3)","decl":{"start":{"line":207,"column":2},"end":{"line":207,"column":3}},"loc":{"start":{"line":207,"column":22},"end":{"line":231,"column":1}},"line":207},"4":{"name":"(anonymous_4)","decl":{"start":{"line":261,"column":22},"end":{"line":261,"column":23}},"loc":{"start":{"line":261,"column":42},"end":{"line":279,"column":1}},"line":261}},"branchMap":{"0":{"loc":{"start":{"line":110,"column":4},"end":{"line":110,"column":72}},"type":"if","locations":[{"start":{"line":110,"column":4},"end":{"line":110,"column":72}},{"start":{},"end":{}}],"line":110},"1":{"loc":{"start":{"line":212,"column":6},"end":{"line":215,"column":7}},"type":"if","locations":[{"start":{"line":212,"column":6},"end":{"line":215,"column":7}},{"start":{},"end":{}}],"line":212},"2":{"loc":{"start":{"line":219,"column":6},"end":{"line":222,"column":7}},"type":"if","locations":[{"start":{"line":219,"column":6},"end":{"line":222,"column":7}},{"start":{},"end":{}}],"line":219},"3":{"loc":{"start":{"line":266,"column":4},"end":{"line":269,"column":5}},"type":"if","locations":[{"start":{"line":266,"column":4},"end":{"line":269,"column":5}},{"start":{},"end":{}}],"line":266}},"s":{"0":5,"1":5,"2":5,"3":5,"4":5,"5":5,"6":5,"7":5,"8":5,"9":1,"10":1,"11":0,"12":1,"13":1,"14":5,"15":0,"16":0,"17":0,"18":0,"19":0,"20":0,"21":0,"22":5,"23":0,"24":0,"25":0,"26":0,"27":0,"28":0,"29":0,"30":0,"31":5,"32":0,"33":0,"34":0,"35":0,"36":0,"37":0,"38":0,"39":0,"40":0,"41":0,"42":0,"43":0,"44":0,"45":0,"46":0,"47":5,"48":0,"49":0,"50":0,"51":0,"52":0,"53":0,"54":0,"55":0,"56":0,"57":0,"58":0,"59":0,"60":5},"f":{"0":1,"1":0,"2":0,"3":0,"4":0},"b":{"0":[0,0],"1":[0,0],"2":[0,0],"3":[0,0]},"_coverageSchema":"1a1c01bbd47fc00a2c39e90264f33305004495a9","hash":"e54a87bbbad98f3690c01d98f347bc9c9b176e68"}
,"C:\\Users\\gbade\\Documents\\MKD\\internship_node\\day1\\routes\\shipping_dock.js": {"path":"C:\\Users\\gbade\\Documents\\MKD\\internship_node\\day1\\routes\\shipping_dock.js","statementMap":{"0":{"start":{"line":1,"column":16},"end":{"line":1,"column":34}},"1":{"start":{"line":2,"column":15},"end":{"line":2,"column":31}},"2":{"start":{"line":3,"column":11},"end":{"line":3,"column":31}},"3":{"start":{"line":4,"column":21},"end":{"line":4,"column":36}},"4":{"start":{"line":5,"column":55},"end":{"line":5,"column":95}},"5":{"start":{"line":6,"column":24},"end":{"line":6,"column":59}},"6":{"start":{"line":9,"column":28},"end":{"line":13,"column":1}},"7":{"start":{"line":16,"column":27},"end":{"line":24,"column":1}},"8":{"start":{"line":48,"column":0},"end":{"line":58,"column":3}},"9":{"start":{"line":49,"column":2},"end":{"line":57,"column":3}},"10":{"start":{"line":50,"column":18},"end":{"line":52,"column":6}},"11":{"start":{"line":53,"column":4},"end":{"line":53,"column":47}},"12":{"start":{"line":55,"column":4},"end":{"line":55,"column":57}},"13":{"start":{"line":56,"column":4},"end":{"line":56,"column":43}},"14":{"start":{"line":81,"column":0},"end":{"line":90,"column":3}},"15":{"start":{"line":82,"column":2},"end":{"line":89,"column":3}},"16":{"start":{"line":83,"column":17},"end":{"line":83,"column":59}},"17":{"start":{"line":84,"column":4},"end":{"line":84,"column":79}},"18":{"start":{"line":84,"column":15},"end":{"line":84,"column":79}},"19":{"start":{"line":85,"column":4},"end":{"line":85,"column":46}},"20":{"start":{"line":87,"column":4},"end":{"line":87,"column":73}},"21":{"start":{"line":88,"column":4},"end":{"line":88,"column":43}},"22":{"start":{"line":112,"column":0},"end":{"line":127,"column":3}},"23":{"start":{"line":116,"column":24},"end":{"line":116,"column":56}},"24":{"start":{"line":118,"column":4},"end":{"line":126,"column":5}},"25":{"start":{"line":119,"column":19},"end":{"line":119,"column":71}},"26":{"start":{"line":120,"column":6},"end":{"line":120,"column":33}},"27":{"start":{"line":121,"column":6},"end":{"line":121,"column":91}},"28":{"start":{"line":123,"column":6},"end":{"line":123,"column":35}},"29":{"start":{"line":124,"column":6},"end":{"line":124,"column":58}},"30":{"start":{"line":125,"column":6},"end":{"line":125,"column":45}},"31":{"start":{"line":156,"column":0},"end":{"line":177,"column":3}},"32":{"start":{"line":160,"column":24},"end":{"line":160,"column":56}},"33":{"start":{"line":162,"column":4},"end":{"line":176,"column":5}},"34":{"start":{"line":163,"column":19},"end":{"line":163,"column":61}},"35":{"start":{"line":164,"column":6},"end":{"line":167,"column":7}},"36":{"start":{"line":165,"column":8},"end":{"line":165,"column":37}},"37":{"start":{"line":166,"column":8},"end":{"line":166,"column":72}},"38":{"start":{"line":169,"column":22},"end":{"line":169,"column":66}},"39":{"start":{"line":170,"column":6},"end":{"line":170,"column":33}},"40":{"start":{"line":171,"column":6},"end":{"line":171,"column":89}},"41":{"start":{"line":173,"column":6},"end":{"line":173,"column":35}},"42":{"start":{"line":174,"column":6},"end":{"line":174,"column":75}},"43":{"start":{"line":175,"column":6},"end":{"line":175,"column":45}},"44":{"start":{"line":200,"column":0},"end":{"line":218,"column":3}},"45":{"start":{"line":201,"column":22},"end":{"line":201,"column":54}},"46":{"start":{"line":203,"column":2},"end":{"line":217,"column":3}},"47":{"start":{"line":204,"column":17},"end":{"line":204,"column":59}},"48":{"start":{"line":205,"column":4},"end":{"line":208,"column":5}},"49":{"start":{"line":206,"column":6},"end":{"line":206,"column":35}},"50":{"start":{"line":207,"column":6},"end":{"line":207,"column":70}},"51":{"start":{"line":210,"column":4},"end":{"line":210,"column":40}},"52":{"start":{"line":211,"column":4},"end":{"line":211,"column":31}},"53":{"start":{"line":212,"column":4},"end":{"line":212,"column":84}},"54":{"start":{"line":214,"column":4},"end":{"line":214,"column":33}},"55":{"start":{"line":215,"column":4},"end":{"line":215,"column":73}},"56":{"start":{"line":216,"column":4},"end":{"line":216,"column":43}},"57":{"start":{"line":220,"column":0},"end":{"line":220,"column":24}}},"fnMap":{"0":{"name":"(anonymous_0)","decl":{"start":{"line":48,"column":16},"end":{"line":48,"column":17}},"loc":{"start":{"line":48,"column":36},"end":{"line":58,"column":1}},"line":48},"1":{"name":"(anonymous_1)","decl":{"start":{"line":81,"column":19},"end":{"line":81,"column":20}},"loc":{"start":{"line":81,"column":39},"end":{"line":90,"column":1}},"line":81},"2":{"name":"(anonymous_2)","decl":{"start":{"line":115,"column":2},"end":{"line":115,"column":3}},"loc":{"start":{"line":115,"column":22},"end":{"line":127,"column":1}},"line":115},"3":{"name":"(anonymous_3)","decl":{"start":{"line":159,"column":2},"end":{"line":159,"column":3}},"loc":{"start":{"line":159,"column":22},"end":{"line":177,"column":1}},"line":159},"4":{"name":"(anonymous_4)","decl":{"start":{"line":200,"column":22},"end":{"line":200,"column":23}},"loc":{"start":{"line":200,"column":42},"end":{"line":218,"column":1}},"line":200}},"branchMap":{"0":{"loc":{"start":{"line":84,"column":4},"end":{"line":84,"column":79}},"type":"if","locations":[{"start":{"line":84,"column":4},"end":{"line":84,"column":79}},{"start":{},"end":{}}],"line":84},"1":{"loc":{"start":{"line":164,"column":6},"end":{"line":167,"column":7}},"type":"if","locations":[{"start":{"line":164,"column":6},"end":{"line":167,"column":7}},{"start":{},"end":{}}],"line":164},"2":{"loc":{"start":{"line":205,"column":4},"end":{"line":208,"column":5}},"type":"if","locations":[{"start":{"line":205,"column":4},"end":{"line":208,"column":5}},{"start":{},"end":{}}],"line":205}},"s":{"0":5,"1":5,"2":5,"3":5,"4":5,"5":5,"6":5,"7":5,"8":5,"9":1,"10":1,"11":1,"12":0,"13":0,"14":5,"15":0,"16":0,"17":0,"18":0,"19":0,"20":0,"21":0,"22":5,"23":1,"24":1,"25":1,"26":0,"27":0,"28":1,"29":1,"30":1,"31":5,"32":0,"33":0,"34":0,"35":0,"36":0,"37":0,"38":0,"39":0,"40":0,"41":0,"42":0,"43":0,"44":5,"45":0,"46":0,"47":0,"48":0,"49":0,"50":0,"51":0,"52":0,"53":0,"54":0,"55":0,"56":0,"57":5},"f":{"0":1,"1":0,"2":1,"3":0,"4":0},"b":{"0":[0,0],"1":[0,0],"2":[0,0]},"_coverageSchema":"1a1c01bbd47fc00a2c39e90264f33305004495a9","hash":"a02c5b9937af2cfbe19a26857b5df54209d12fd7"}
,"C:\\Users\\gbade\\Documents\\MKD\\internship_node\\day1\\routes\\transaction.js": {"path":"C:\\Users\\gbade\\Documents\\MKD\\internship_node\\day1\\routes\\transaction.js","statementMap":{"0":{"start":{"line":1,"column":16},"end":{"line":1,"column":34}},"1":{"start":{"line":2,"column":15},"end":{"line":2,"column":31}},"2":{"start":{"line":3,"column":11},"end":{"line":3,"column":31}},"3":{"start":{"line":4,"column":20},"end":{"line":4,"column":34}},"4":{"start":{"line":5,"column":55},"end":{"line":5,"column":95}},"5":{"start":{"line":6,"column":24},"end":{"line":6,"column":59}},"6":{"start":{"line":9,"column":35},"end":{"line":15,"column":1}},"7":{"start":{"line":18,"column":27},"end":{"line":29,"column":1}},"8":{"start":{"line":53,"column":0},"end":{"line":64,"column":3}},"9":{"start":{"line":54,"column":2},"end":{"line":63,"column":3}},"10":{"start":{"line":55,"column":25},"end":{"line":58,"column":6}},"11":{"start":{"line":59,"column":4},"end":{"line":59,"column":54}},"12":{"start":{"line":61,"column":4},"end":{"line":61,"column":55}},"13":{"start":{"line":62,"column":4},"end":{"line":62,"column":43}},"14":{"start":{"line":87,"column":0},"end":{"line":98,"column":3}},"15":{"start":{"line":88,"column":2},"end":{"line":97,"column":3}},"16":{"start":{"line":89,"column":24},"end":{"line":91,"column":6}},"17":{"start":{"line":92,"column":4},"end":{"line":92,"column":84}},"18":{"start":{"line":92,"column":22},"end":{"line":92,"column":84}},"19":{"start":{"line":93,"column":4},"end":{"line":93,"column":53}},"20":{"start":{"line":95,"column":4},"end":{"line":95,"column":71}},"21":{"start":{"line":96,"column":4},"end":{"line":96,"column":43}},"22":{"start":{"line":120,"column":0},"end":{"line":145,"column":3}},"23":{"start":{"line":124,"column":24},"end":{"line":124,"column":56}},"24":{"start":{"line":126,"column":4},"end":{"line":144,"column":5}},"25":{"start":{"line":128,"column":20},"end":{"line":128,"column":78}},"26":{"start":{"line":129,"column":6},"end":{"line":132,"column":7}},"27":{"start":{"line":130,"column":8},"end":{"line":130,"column":37}},"28":{"start":{"line":131,"column":8},"end":{"line":131,"column":75}},"29":{"start":{"line":134,"column":29},"end":{"line":134,"column":80}},"30":{"start":{"line":138,"column":6},"end":{"line":138,"column":33}},"31":{"start":{"line":139,"column":6},"end":{"line":139,"column":99}},"32":{"start":{"line":141,"column":6},"end":{"line":141,"column":35}},"33":{"start":{"line":142,"column":6},"end":{"line":142,"column":56}},"34":{"start":{"line":143,"column":6},"end":{"line":143,"column":45}},"35":{"start":{"line":174,"column":0},"end":{"line":204,"column":3}},"36":{"start":{"line":178,"column":26},"end":{"line":178,"column":58}},"37":{"start":{"line":180,"column":4},"end":{"line":203,"column":5}},"38":{"start":{"line":181,"column":26},"end":{"line":181,"column":67}},"39":{"start":{"line":182,"column":6},"end":{"line":185,"column":7}},"40":{"start":{"line":183,"column":8},"end":{"line":183,"column":39}},"41":{"start":{"line":184,"column":8},"end":{"line":184,"column":70}},"42":{"start":{"line":188,"column":6},"end":{"line":194,"column":7}},"43":{"start":{"line":189,"column":22},"end":{"line":189,"column":95}},"44":{"start":{"line":190,"column":8},"end":{"line":193,"column":9}},"45":{"start":{"line":191,"column":10},"end":{"line":191,"column":41}},"46":{"start":{"line":192,"column":10},"end":{"line":192,"column":77}},"47":{"start":{"line":196,"column":22},"end":{"line":196,"column":88}},"48":{"start":{"line":197,"column":6},"end":{"line":197,"column":35}},"49":{"start":{"line":198,"column":6},"end":{"line":198,"column":87}},"50":{"start":{"line":200,"column":6},"end":{"line":200,"column":37}},"51":{"start":{"line":201,"column":6},"end":{"line":201,"column":73}},"52":{"start":{"line":202,"column":6},"end":{"line":202,"column":45}},"53":{"start":{"line":227,"column":0},"end":{"line":245,"column":3}},"54":{"start":{"line":228,"column":24},"end":{"line":228,"column":56}},"55":{"start":{"line":230,"column":2},"end":{"line":244,"column":3}},"56":{"start":{"line":231,"column":24},"end":{"line":231,"column":65}},"57":{"start":{"line":232,"column":4},"end":{"line":235,"column":5}},"58":{"start":{"line":233,"column":6},"end":{"line":233,"column":37}},"59":{"start":{"line":234,"column":6},"end":{"line":234,"column":68}},"60":{"start":{"line":237,"column":4},"end":{"line":237,"column":62}},"61":{"start":{"line":238,"column":4},"end":{"line":238,"column":33}},"62":{"start":{"line":239,"column":4},"end":{"line":239,"column":82}},"63":{"start":{"line":241,"column":4},"end":{"line":241,"column":35}},"64":{"start":{"line":242,"column":4},"end":{"line":242,"column":71}},"65":{"start":{"line":243,"column":4},"end":{"line":243,"column":43}},"66":{"start":{"line":247,"column":0},"end":{"line":247,"column":24}}},"fnMap":{"0":{"name":"(anonymous_0)","decl":{"start":{"line":53,"column":16},"end":{"line":53,"column":17}},"loc":{"start":{"line":53,"column":36},"end":{"line":64,"column":1}},"line":53},"1":{"name":"(anonymous_1)","decl":{"start":{"line":87,"column":19},"end":{"line":87,"column":20}},"loc":{"start":{"line":87,"column":39},"end":{"line":98,"column":1}},"line":87},"2":{"name":"(anonymous_2)","decl":{"start":{"line":123,"column":2},"end":{"line":123,"column":3}},"loc":{"start":{"line":123,"column":22},"end":{"line":145,"column":1}},"line":123},"3":{"name":"(anonymous_3)","decl":{"start":{"line":177,"column":2},"end":{"line":177,"column":3}},"loc":{"start":{"line":177,"column":22},"end":{"line":204,"column":1}},"line":177},"4":{"name":"(anonymous_4)","decl":{"start":{"line":227,"column":22},"end":{"line":227,"column":23}},"loc":{"start":{"line":227,"column":42},"end":{"line":245,"column":1}},"line":227}},"branchMap":{"0":{"loc":{"start":{"line":92,"column":4},"end":{"line":92,"column":84}},"type":"if","locations":[{"start":{"line":92,"column":4},"end":{"line":92,"column":84}},{"start":{},"end":{}}],"line":92},"1":{"loc":{"start":{"line":129,"column":6},"end":{"line":132,"column":7}},"type":"if","locations":[{"start":{"line":129,"column":6},"end":{"line":132,"column":7}},{"start":{},"end":{}}],"line":129},"2":{"loc":{"start":{"line":182,"column":6},"end":{"line":185,"column":7}},"type":"if","locations":[{"start":{"line":182,"column":6},"end":{"line":185,"column":7}},{"start":{},"end":{}}],"line":182},"3":{"loc":{"start":{"line":188,"column":6},"end":{"line":194,"column":7}},"type":"if","locations":[{"start":{"line":188,"column":6},"end":{"line":194,"column":7}},{"start":{},"end":{}}],"line":188},"4":{"loc":{"start":{"line":190,"column":8},"end":{"line":193,"column":9}},"type":"if","locations":[{"start":{"line":190,"column":8},"end":{"line":193,"column":9}},{"start":{},"end":{}}],"line":190},"5":{"loc":{"start":{"line":232,"column":4},"end":{"line":235,"column":5}},"type":"if","locations":[{"start":{"line":232,"column":4},"end":{"line":235,"column":5}},{"start":{},"end":{}}],"line":232}},"s":{"0":5,"1":5,"2":5,"3":5,"4":5,"5":5,"6":5,"7":5,"8":5,"9":0,"10":0,"11":0,"12":0,"13":0,"14":5,"15":0,"16":0,"17":0,"18":0,"19":0,"20":0,"21":0,"22":5,"23":0,"24":0,"25":0,"26":0,"27":0,"28":0,"29":0,"30":0,"31":0,"32":0,"33":0,"34":0,"35":5,"36":0,"37":0,"38":0,"39":0,"40":0,"41":0,"42":0,"43":0,"44":0,"45":0,"46":0,"47":0,"48":0,"49":0,"50":0,"51":0,"52":0,"53":5,"54":0,"55":0,"56":0,"57":0,"58":0,"59":0,"60":0,"61":0,"62":0,"63":0,"64":0,"65":0,"66":5},"f":{"0":0,"1":0,"2":0,"3":0,"4":0},"b":{"0":[0,0],"1":[0,0],"2":[0,0],"3":[0,0],"4":[0,0],"5":[0,0]},"_coverageSchema":"1a1c01bbd47fc00a2c39e90264f33305004495a9","hash":"b95c38d9356f742bdd76bf31b87236aa41994cfa"}
,"C:\\Users\\gbade\\Documents\\MKD\\internship_node\\day1\\routes\\users.js": {"path":"C:\\Users\\gbade\\Documents\\MKD\\internship_node\\day1\\routes\\users.js","statementMap":{"0":{"start":{"line":1,"column":14},"end":{"line":1,"column":32}},"1":{"start":{"line":2,"column":13},"end":{"line":2,"column":29}},"2":{"start":{"line":5,"column":0},"end":{"line":7,"column":3}},"3":{"start":{"line":6,"column":2},"end":{"line":6,"column":38}},"4":{"start":{"line":9,"column":0},"end":{"line":9,"column":24}}},"fnMap":{"0":{"name":"(anonymous_0)","decl":{"start":{"line":5,"column":16},"end":{"line":5,"column":17}},"loc":{"start":{"line":5,"column":41},"end":{"line":7,"column":1}},"line":5}},"branchMap":{},"s":{"0":5,"1":5,"2":5,"3":1,"4":5},"f":{"0":1},"b":{},"_coverageSchema":"1a1c01bbd47fc00a2c39e90264f33305004495a9","hash":"77552bd75c8db46e60a62f7d5597ac9f2037a5ac"}
,"C:\\Users\\gbade\\Documents\\MKD\\internship_node\\day1\\services\\ValidationService.js": {"path":"C:\\Users\\gbade\\Documents\\MKD\\internship_node\\day1\\services\\ValidationService.js","statementMap":{"0":{"start":{"line":1,"column":41},"end":{"line":1,"column":72}},"1":{"start":{"line":4,"column":30},"end":{"line":17,"column":1}},"2":{"start":{"line":5,"column":20},"end":{"line":15,"column":10}},"3":{"start":{"line":6,"column":28},"end":{"line":9,"column":5}},"4":{"start":{"line":11,"column":6},"end":{"line":13,"column":7}},"5":{"start":{"line":12,"column":8},"end":{"line":12,"column":63}},"6":{"start":{"line":14,"column":6},"end":{"line":14,"column":25}},"7":{"start":{"line":16,"column":2},"end":{"line":16,"column":19}},"8":{"start":{"line":19,"column":0},"end":{"line":85,"column":2}},"9":{"start":{"line":26,"column":66},"end":{"line":44,"column":3}},"10":{"start":{"line":31,"column":23},"end":{"line":31,"column":64}},"11":{"start":{"line":32,"column":4},"end":{"line":32,"column":39}},"12":{"start":{"line":34,"column":4},"end":{"line":43,"column":5}},"13":{"start":{"line":35,"column":22},"end":{"line":35,"column":46}},"14":{"start":{"line":36,"column":6},"end":{"line":38,"column":7}},"15":{"start":{"line":37,"column":8},"end":{"line":37,"column":71}},"16":{"start":{"line":39,"column":6},"end":{"line":39,"column":20}},"17":{"start":{"line":41,"column":6},"end":{"line":41,"column":42}},"18":{"start":{"line":42,"column":6},"end":{"line":42,"column":20}},"19":{"start":{"line":54,"column":28},"end":{"line":54,"column":47}},"20":{"start":{"line":56,"column":4},"end":{"line":68,"column":5}},"21":{"start":{"line":58,"column":6},"end":{"line":60,"column":9}},"22":{"start":{"line":59,"column":8},"end":{"line":59,"column":47}},"23":{"start":{"line":62,"column":6},"end":{"line":66,"column":7}},"24":{"start":{"line":63,"column":8},"end":{"line":63,"column":42}},"25":{"start":{"line":65,"column":8},"end":{"line":65,"column":56}},"26":{"start":{"line":67,"column":6},"end":{"line":67,"column":45}},"27":{"start":{"line":72,"column":28},"end":{"line":72,"column":47}},"28":{"start":{"line":74,"column":4},"end":{"line":82,"column":5}},"29":{"start":{"line":76,"column":6},"end":{"line":80,"column":7}},"30":{"start":{"line":77,"column":8},"end":{"line":77,"column":32}},"31":{"start":{"line":79,"column":8},"end":{"line":79,"column":36}},"32":{"start":{"line":81,"column":6},"end":{"line":81,"column":49}},"33":{"start":{"line":83,"column":4},"end":{"line":83,"column":11}}},"fnMap":{"0":{"name":"(anonymous_0)","decl":{"start":{"line":4,"column":30},"end":{"line":4,"column":31}},"loc":{"start":{"line":4,"column":41},"end":{"line":17,"column":1}},"line":4},"1":{"name":"(anonymous_1)","decl":{"start":{"line":6,"column":9},"end":{"line":6,"column":10}},"loc":{"start":{"line":6,"column":28},"end":{"line":9,"column":5}},"line":6},"2":{"name":"(anonymous_2)","decl":{"start":{"line":10,"column":12},"end":{"line":10,"column":13}},"loc":{"start":{"line":10,"column":43},"end":{"line":15,"column":5}},"line":10},"3":{"name":"(anonymous_3)","decl":{"start":{"line":26,"column":17},"end":{"line":26,"column":18}},"loc":{"start":{"line":26,"column":66},"end":{"line":44,"column":3}},"line":26},"4":{"name":"(anonymous_4)","decl":{"start":{"line":26,"column":66},"end":{"line":26,"column":67}},"loc":{"start":{"line":30,"column":7},"end":{"line":44,"column":3}},"line":30},"5":{"name":"(anonymous_5)","decl":{"start":{"line":46,"column":33},"end":{"line":46,"column":34}},"loc":{"start":{"line":53,"column":7},"end":{"line":69,"column":3}},"line":53},"6":{"name":"(anonymous_6)","decl":{"start":{"line":58,"column":43},"end":{"line":58,"column":44}},"loc":{"start":{"line":58,"column":61},"end":{"line":60,"column":7}},"line":58},"7":{"name":"(anonymous_7)","decl":{"start":{"line":71,"column":31},"end":{"line":71,"column":32}},"loc":{"start":{"line":71,"column":51},"end":{"line":84,"column":3}},"line":71}},"branchMap":{"0":{"loc":{"start":{"line":11,"column":6},"end":{"line":13,"column":7}},"type":"if","locations":[{"start":{"line":11,"column":6},"end":{"line":13,"column":7}},{"start":{},"end":{}}],"line":11},"1":{"loc":{"start":{"line":26,"column":18},"end":{"line":26,"column":39}},"type":"default-arg","locations":[{"start":{"line":26,"column":37},"end":{"line":26,"column":39}}],"line":26},"2":{"loc":{"start":{"line":26,"column":41},"end":{"line":26,"column":61}},"type":"default-arg","locations":[{"start":{"line":26,"column":59},"end":{"line":26,"column":61}}],"line":26},"3":{"loc":{"start":{"line":36,"column":6},"end":{"line":38,"column":7}},"type":"if","locations":[{"start":{"line":36,"column":6},"end":{"line":38,"column":7}},{"start":{},"end":{}}],"line":36},"4":{"loc":{"start":{"line":50,"column":4},"end":{"line":50,"column":18}},"type":"default-arg","locations":[{"start":{"line":50,"column":15},"end":{"line":50,"column":18}}],"line":50},"5":{"loc":{"start":{"line":52,"column":4},"end":{"line":52,"column":21}},"type":"default-arg","locations":[{"start":{"line":52,"column":19},"end":{"line":52,"column":21}}],"line":52},"6":{"loc":{"start":{"line":56,"column":4},"end":{"line":68,"column":5}},"type":"if","locations":[{"start":{"line":56,"column":4},"end":{"line":68,"column":5}},{"start":{},"end":{}}],"line":56},"7":{"loc":{"start":{"line":62,"column":6},"end":{"line":66,"column":7}},"type":"if","locations":[{"start":{"line":62,"column":6},"end":{"line":66,"column":7}},{"start":{"line":64,"column":13},"end":{"line":66,"column":7}}],"line":62},"8":{"loc":{"start":{"line":74,"column":4},"end":{"line":82,"column":5}},"type":"if","locations":[{"start":{"line":74,"column":4},"end":{"line":82,"column":5}},{"start":{},"end":{}}],"line":74},"9":{"loc":{"start":{"line":76,"column":6},"end":{"line":80,"column":7}},"type":"if","locations":[{"start":{"line":76,"column":6},"end":{"line":80,"column":7}},{"start":{"line":78,"column":13},"end":{"line":80,"column":7}}],"line":76}},"s":{"0":5,"1":5,"2":3,"3":31,"4":31,"5":31,"6":31,"7":3,"8":5,"9":30,"10":4,"11":4,"12":4,"13":4,"14":4,"15":3,"16":4,"17":0,"18":0,"19":0,"20":0,"21":0,"22":0,"23":0,"24":0,"25":0,"26":0,"27":4,"28":4,"29":3,"30":0,"31":3,"32":3,"33":1},"f":{"0":3,"1":31,"2":31,"3":30,"4":4,"5":0,"6":0,"7":4},"b":{"0":[31,0],"1":[0],"2":[0],"3":[3,1],"4":[0],"5":[0],"6":[0,0],"7":[0,0],"8":[3,1],"9":[0,3]},"_coverageSchema":"1a1c01bbd47fc00a2c39e90264f33305004495a9","hash":"fbf0dc04039741794951045249ba63a8fdf8f3a0"}
,"C:\\Users\\gbade\\Documents\\MKD\\internship_node\\day1\\utils\\responseHandler.js": {"path":"C:\\Users\\gbade\\Documents\\MKD\\internship_node\\day1\\utils\\responseHandler.js","statementMap":{"0":{"start":{"line":3,"column":4},"end":{"line":9,"column":7}},"1":{"start":{"line":13,"column":4},"end":{"line":13,"column":38}},"2":{"start":{"line":14,"column":4},"end":{"line":22,"column":7}},"3":{"start":{"line":26,"column":4},"end":{"line":29,"column":12}},"4":{"start":{"line":33,"column":4},"end":{"line":33,"column":41}},"5":{"start":{"line":37,"column":4},"end":{"line":37,"column":41}},"6":{"start":{"line":41,"column":0},"end":{"line":41,"column":33}}},"fnMap":{"0":{"name":"(anonymous_0)","decl":{"start":{"line":2,"column":2},"end":{"line":2,"column":3}},"loc":{"start":{"line":2,"column":74},"end":{"line":10,"column":3}},"line":2},"1":{"name":"(anonymous_1)","decl":{"start":{"line":12,"column":2},"end":{"line":12,"column":3}},"loc":{"start":{"line":12,"column":71},"end":{"line":23,"column":3}},"line":12},"2":{"name":"(anonymous_2)","decl":{"start":{"line":25,"column":2},"end":{"line":25,"column":3}},"loc":{"start":{"line":25,"column":38},"end":{"line":30,"column":3}},"line":25},"3":{"name":"(anonymous_3)","decl":{"start":{"line":32,"column":2},"end":{"line":32,"column":3}},"loc":{"start":{"line":32,"column":55},"end":{"line":34,"column":3}},"line":32},"4":{"name":"(anonymous_4)","decl":{"start":{"line":36,"column":2},"end":{"line":36,"column":3}},"loc":{"start":{"line":36,"column":53},"end":{"line":38,"column":3}},"line":36}},"branchMap":{"0":{"loc":{"start":{"line":2,"column":22},"end":{"line":2,"column":33}},"type":"default-arg","locations":[{"start":{"line":2,"column":29},"end":{"line":2,"column":33}}],"line":2},"1":{"loc":{"start":{"line":2,"column":35},"end":{"line":2,"column":54}},"type":"default-arg","locations":[{"start":{"line":2,"column":45},"end":{"line":2,"column":54}}],"line":2},"2":{"loc":{"start":{"line":2,"column":56},"end":{"line":2,"column":72}},"type":"default-arg","locations":[{"start":{"line":2,"column":69},"end":{"line":2,"column":72}}],"line":2},"3":{"loc":{"start":{"line":12,"column":20},"end":{"line":12,"column":51}},"type":"default-arg","locations":[{"start":{"line":12,"column":28},"end":{"line":12,"column":51}}],"line":12},"4":{"loc":{"start":{"line":12,"column":53},"end":{"line":12,"column":69}},"type":"default-arg","locations":[{"start":{"line":12,"column":66},"end":{"line":12,"column":69}}],"line":12},"5":{"loc":{"start":{"line":17,"column":17},"end":{"line":17,"column":63}},"type":"cond-expr","locations":[{"start":{"line":17,"column":42},"end":{"line":17,"column":55}},{"start":{"line":17,"column":58},"end":{"line":17,"column":63}}],"line":17},"6":{"loc":{"start":{"line":18,"column":12},"end":{"line":18,"column":113}},"type":"binary-expr","locations":[{"start":{"line":18,"column":12},"end":{"line":18,"column":50}},{"start":{"line":18,"column":54},"end":{"line":18,"column":113}}],"line":18},"7":{"loc":{"start":{"line":18,"column":63},"end":{"line":18,"column":111}},"type":"cond-expr","locations":[{"start":{"line":18,"column":88},"end":{"line":18,"column":99}},{"start":{"line":18,"column":102},"end":{"line":18,"column":111}}],"line":18},"8":{"loc":{"start":{"line":32,"column":23},"end":{"line":32,"column":53}},"type":"default-arg","locations":[{"start":{"line":32,"column":33},"end":{"line":32,"column":53}}],"line":32},"9":{"loc":{"start":{"line":36,"column":27},"end":{"line":36,"column":51}},"type":"default-arg","locations":[{"start":{"line":36,"column":37},"end":{"line":36,"column":51}}],"line":36}},"s":{"0":1,"1":2,"2":2,"3":0,"4":0,"5":0,"6":5},"f":{"0":1,"1":2,"2":0,"3":0,"4":0},"b":{"0":[0],"1":[1],"2":[1],"3":[0],"4":[2],"5":[2,0],"6":[2,0],"7":[0,0],"8":[0],"9":[0]},"_coverageSchema":"1a1c01bbd47fc00a2c39e90264f33305004495a9","hash":"8acdea1a63031905b7e50961a34d40e2341671f5"}
}
