TN:
SF:app.js
FN:32,(anonymous_0)
FN:47,(anonymous_1)
FN:52,(anonymous_2)
FNF:3
FNH:1
FNDA:9,(anonymous_0)
FNDA:0,(anonymous_1)
FNDA:0,(anonymous_2)
DA:1,5
DA:2,5
DA:3,5
DA:4,5
DA:5,5
DA:6,5
DA:7,5
DA:9,5
DA:10,5
DA:12,5
DA:13,5
DA:15,5
DA:16,5
DA:19,5
DA:22,5
DA:23,5
DA:24,5
DA:25,5
DA:26,5
DA:27,5
DA:28,5
DA:29,5
DA:32,5
DA:33,9
DA:34,9
DA:38,5
DA:40,5
DA:41,5
DA:42,5
DA:43,5
DA:44,5
DA:47,5
DA:48,0
DA:52,5
DA:54,0
DA:55,0
DA:58,0
DA:61,0
DA:62,0
DA:65,5
LF:40
LH:34
BRDA:55,0,0,0
BRDA:55,0,1,0
BRDA:61,1,0,0
BRDA:61,1,1,0
BRF:4
BRH:0
end_of_record
TN:
SF:swagger.js
FNF:0
FNH:0
DA:1,5
DA:3,5
DA:188,5
LF:3
LH:3
BRF:0
BRH:0
end_of_record
TN:
SF:config\database.js
FNF:0
FNH:0
DA:1,5
DA:3,5
LF:2
LH:2
BRDA:5,0,0,5
BRDA:5,0,1,0
BRDA:6,1,0,5
BRDA:6,1,1,0
BRDA:7,2,0,5
BRDA:7,2,1,0
BRDA:8,3,0,5
BRDA:8,3,1,0
BRDA:13,4,0,5
BRDA:13,4,1,0
BRDA:14,5,0,5
BRDA:14,5,1,0
BRDA:15,6,0,5
BRDA:15,6,1,0
BRDA:16,7,0,5
BRDA:16,7,1,0
BRF:16
BRH:8
end_of_record
TN:
SF:models\index.js
FN:48,(anonymous_0)
FN:51,(anonymous_1)
FN:57,(anonymous_2)
FNF:3
FNH:3
FNDA:25,(anonymous_0)
FNDA:20,(anonymous_1)
FNDA:20,(anonymous_2)
DA:3,5
DA:4,5
DA:5,5
DA:6,5
DA:7,5
DA:8,5
DA:9,5
DA:12,5
DA:13,5
DA:15,5
DA:29,0
DA:43,0
DA:47,5
DA:49,25
DA:52,20
DA:53,20
DA:57,5
DA:58,20
DA:59,0
DA:63,5
DA:64,5
DA:66,5
LF:22
LH:19
BRDA:7,0,0,5
BRDA:7,0,1,0
BRDA:13,1,0,5
BRDA:13,1,1,0
BRDA:17,2,0,5
BRDA:17,2,1,0
BRDA:18,3,0,5
BRDA:18,3,1,0
BRDA:19,4,0,5
BRDA:19,4,1,0
BRDA:20,5,0,5
BRDA:20,5,1,0
BRDA:49,6,0,25
BRDA:49,6,1,25
BRDA:49,6,2,20
BRDA:58,7,0,0
BRDA:58,7,1,20
BRF:17
BRH:10
end_of_record
TN:
SF:models\location.js
FN:1,(anonymous_0)
FNF:1
FNH:1
FNDA:5,(anonymous_0)
DA:1,5
DA:2,5
DA:25,5
LF:3
LH:3
BRF:0
BRH:0
end_of_record
TN:
SF:models\order.js
FN:1,(anonymous_0)
FNF:1
FNH:1
FNDA:5,(anonymous_0)
DA:1,5
DA:2,5
DA:32,5
LF:3
LH:3
BRF:0
BRH:0
end_of_record
TN:
SF:models\shipping_dock.js
FN:1,(anonymous_0)
FNF:1
FNH:1
FNDA:5,(anonymous_0)
DA:1,5
DA:2,5
DA:21,5
LF:3
LH:3
BRF:0
BRH:0
end_of_record
TN:
SF:models\transaction.js
FN:1,(anonymous_0)
FNF:1
FNH:1
FNDA:5,(anonymous_0)
DA:1,5
DA:2,5
DA:31,5
LF:3
LH:3
BRF:0
BRH:0
end_of_record
TN:
SF:routes\index.js
FN:5,(anonymous_0)
FNF:1
FNH:1
FNDA:1,(anonymous_0)
DA:1,5
DA:2,5
DA:5,5
DA:6,1
DA:9,5
LF:5
LH:5
BRF:0
BRH:0
end_of_record
TN:
SF:routes\order.js
FN:59,(anonymous_0)
FN:105,(anonymous_1)
FN:153,(anonymous_2)
FN:207,(anonymous_3)
FN:261,(anonymous_4)
FNF:5
FNH:1
FNDA:1,(anonymous_0)
FNDA:0,(anonymous_1)
FNDA:0,(anonymous_2)
FNDA:0,(anonymous_3)
FNDA:0,(anonymous_4)
DA:1,5
DA:2,5
DA:3,5
DA:4,5
DA:5,5
DA:6,5
DA:9,5
DA:18,5
DA:59,5
DA:60,1
DA:61,1
DA:65,0
DA:67,1
DA:68,1
DA:105,5
DA:106,0
DA:107,0
DA:110,0
DA:111,0
DA:113,0
DA:114,0
DA:150,5
DA:154,0
DA:156,0
DA:157,0
DA:162,0
DA:163,0
DA:165,0
DA:166,0
DA:167,0
DA:204,5
DA:208,0
DA:210,0
DA:211,0
DA:212,0
DA:213,0
DA:214,0
DA:217,0
DA:219,0
DA:220,0
DA:221,0
DA:224,0
DA:225,0
DA:227,0
DA:228,0
DA:229,0
DA:261,5
DA:262,0
DA:264,0
DA:265,0
DA:266,0
DA:267,0
DA:268,0
DA:271,0
DA:272,0
DA:273,0
DA:275,0
DA:276,0
DA:277,0
DA:281,5
LF:60
LH:18
BRDA:110,0,0,0
BRDA:110,0,1,0
BRDA:212,1,0,0
BRDA:212,1,1,0
BRDA:219,2,0,0
BRDA:219,2,1,0
BRDA:266,3,0,0
BRDA:266,3,1,0
BRF:8
BRH:0
end_of_record
TN:
SF:routes\shipping_dock.js
FN:48,(anonymous_0)
FN:81,(anonymous_1)
FN:115,(anonymous_2)
FN:159,(anonymous_3)
FN:200,(anonymous_4)
FNF:5
FNH:2
FNDA:1,(anonymous_0)
FNDA:0,(anonymous_1)
FNDA:1,(anonymous_2)
FNDA:0,(anonymous_3)
FNDA:0,(anonymous_4)
DA:1,5
DA:2,5
DA:3,5
DA:4,5
DA:5,5
DA:6,5
DA:9,5
DA:16,5
DA:48,5
DA:49,1
DA:50,1
DA:53,1
DA:55,0
DA:56,0
DA:81,5
DA:82,0
DA:83,0
DA:84,0
DA:85,0
DA:87,0
DA:88,0
DA:112,5
DA:116,1
DA:118,1
DA:119,1
DA:120,0
DA:121,0
DA:123,1
DA:124,1
DA:125,1
DA:156,5
DA:160,0
DA:162,0
DA:163,0
DA:164,0
DA:165,0
DA:166,0
DA:169,0
DA:170,0
DA:171,0
DA:173,0
DA:174,0
DA:175,0
DA:200,5
DA:201,0
DA:203,0
DA:204,0
DA:205,0
DA:206,0
DA:207,0
DA:210,0
DA:211,0
DA:212,0
DA:214,0
DA:215,0
DA:216,0
DA:220,5
LF:57
LH:23
BRDA:84,0,0,0
BRDA:84,0,1,0
BRDA:164,1,0,0
BRDA:164,1,1,0
BRDA:205,2,0,0
BRDA:205,2,1,0
BRF:6
BRH:0
end_of_record
TN:
SF:routes\transaction.js
FN:53,(anonymous_0)
FN:87,(anonymous_1)
FN:123,(anonymous_2)
FN:177,(anonymous_3)
FN:227,(anonymous_4)
FNF:5
FNH:0
FNDA:0,(anonymous_0)
FNDA:0,(anonymous_1)
FNDA:0,(anonymous_2)
FNDA:0,(anonymous_3)
FNDA:0,(anonymous_4)
DA:1,5
DA:2,5
DA:3,5
DA:4,5
DA:5,5
DA:6,5
DA:9,5
DA:18,5
DA:53,5
DA:54,0
DA:55,0
DA:59,0
DA:61,0
DA:62,0
DA:87,5
DA:88,0
DA:89,0
DA:92,0
DA:93,0
DA:95,0
DA:96,0
DA:120,5
DA:124,0
DA:126,0
DA:128,0
DA:129,0
DA:130,0
DA:131,0
DA:134,0
DA:138,0
DA:139,0
DA:141,0
DA:142,0
DA:143,0
DA:174,5
DA:178,0
DA:180,0
DA:181,0
DA:182,0
DA:183,0
DA:184,0
DA:188,0
DA:189,0
DA:190,0
DA:191,0
DA:192,0
DA:196,0
DA:197,0
DA:198,0
DA:200,0
DA:201,0
DA:202,0
DA:227,5
DA:228,0
DA:230,0
DA:231,0
DA:232,0
DA:233,0
DA:234,0
DA:237,0
DA:238,0
DA:239,0
DA:241,0
DA:242,0
DA:243,0
DA:247,5
LF:66
LH:14
BRDA:92,0,0,0
BRDA:92,0,1,0
BRDA:129,1,0,0
BRDA:129,1,1,0
BRDA:182,2,0,0
BRDA:182,2,1,0
BRDA:188,3,0,0
BRDA:188,3,1,0
BRDA:190,4,0,0
BRDA:190,4,1,0
BRDA:232,5,0,0
BRDA:232,5,1,0
BRF:12
BRH:0
end_of_record
TN:
SF:routes\users.js
FN:5,(anonymous_0)
FNF:1
FNH:1
FNDA:1,(anonymous_0)
DA:1,5
DA:2,5
DA:5,5
DA:6,1
DA:9,5
LF:5
LH:5
BRF:0
BRH:0
end_of_record
TN:
SF:services\ValidationService.js
FN:4,(anonymous_0)
FN:6,(anonymous_1)
FN:10,(anonymous_2)
FN:26,(anonymous_3)
FN:26,(anonymous_4)
FN:46,(anonymous_5)
FN:58,(anonymous_6)
FN:71,(anonymous_7)
FNF:8
FNH:6
FNDA:3,(anonymous_0)
FNDA:31,(anonymous_1)
FNDA:31,(anonymous_2)
FNDA:30,(anonymous_3)
FNDA:4,(anonymous_4)
FNDA:0,(anonymous_5)
FNDA:0,(anonymous_6)
FNDA:4,(anonymous_7)
DA:1,5
DA:4,5
DA:5,3
DA:6,31
DA:11,31
DA:12,31
DA:14,31
DA:16,3
DA:19,5
DA:26,30
DA:31,4
DA:32,4
DA:34,4
DA:35,4
DA:36,4
DA:37,3
DA:39,4
DA:41,0
DA:42,0
DA:54,0
DA:56,0
DA:58,0
DA:59,0
DA:62,0
DA:63,0
DA:65,0
DA:67,0
DA:72,4
DA:74,4
DA:76,3
DA:77,0
DA:79,3
DA:81,3
DA:83,1
LF:34
LH:23
BRDA:11,0,0,31
BRDA:11,0,1,0
BRDA:26,1,0,0
BRDA:26,2,0,0
BRDA:36,3,0,3
BRDA:36,3,1,1
BRDA:50,4,0,0
BRDA:52,5,0,0
BRDA:56,6,0,0
BRDA:56,6,1,0
BRDA:62,7,0,0
BRDA:62,7,1,0
BRDA:74,8,0,3
BRDA:74,8,1,1
BRDA:76,9,0,0
BRDA:76,9,1,3
BRF:16
BRH:6
end_of_record
TN:
SF:utils\responseHandler.js
FN:2,(anonymous_0)
FN:12,(anonymous_1)
FN:25,(anonymous_2)
FN:32,(anonymous_3)
FN:36,(anonymous_4)
FNF:5
FNH:2
FNDA:1,(anonymous_0)
FNDA:2,(anonymous_1)
FNDA:0,(anonymous_2)
FNDA:0,(anonymous_3)
FNDA:0,(anonymous_4)
DA:3,1
DA:13,2
DA:14,2
DA:26,0
DA:33,0
DA:37,0
DA:41,5
LF:7
LH:4
BRDA:2,0,0,0
BRDA:2,1,0,1
BRDA:2,2,0,1
BRDA:12,3,0,0
BRDA:12,4,0,2
BRDA:17,5,0,2
BRDA:17,5,1,0
BRDA:18,6,0,2
BRDA:18,6,1,0
BRDA:18,7,0,0
BRDA:18,7,1,0
BRDA:32,8,0,0
BRDA:36,9,0,0
BRF:13
BRH:5
end_of_record
